<?xml version="1.0" encoding="utf-8"?>
<TestRun id="TR-12345678-1234-1234-1234-1234567890ab" name="Sample TRX Test Run" runUser="tester" xmlns="http://microsoft.com/schemas/VisualStudio/TeamTest/2010">
  <Times creation="2025-03-12T00:00:00.000Z" start="2025-03-12T00:00:00.000Z" finish="2025-03-12T01:37:23.000Z" />
  <ResultSummary outcome="Completed">
    <Counters total="673" executed="538" passed="337" failed="201" notExecuted="135" />
  </ResultSummary>
  <TestSettings name="Local Test Settings" id="TS-12345678-1234-1234-1234-1234567890ab">
    <Execution>
      <TestTypeSpecific>
        <UnitTestRunConfig testTypeId="UTRC-12345678-1234-1234-1234-1234567890ab" />
      </TestTypeSpecific>
    </Execution>
  </TestSettings>
  <Results>
    <UnitTestResult executionId="00000000-0000-0000-0000-000000000001" testId="00000000-0000-0000-0000-000000000001" testName="TestCase_1" computerName="localhost" duration="00:00:10.000" startTime="2025-03-12T00:00:00.000Z" endTime="2025-03-12T00:00:10.000Z" outcome="Passed" testListId="11111111-1111-1111-1111-111111111111"><Output><StdOut>TestCase_1 output: Successful run.</StdOut></Output></UnitTestResult>
    <UnitTestResult executionId="00000000-0000-0000-0000-000000000002" testId="00000000-0000-0000-0000-000000000002" testName="TestCase_2" computerName="localhost" duration="00:00:10.000" startTime="2025-03-12T00:00:00.000Z" endTime="2025-03-12T00:00:10.000Z" outcome="Passed" testListId="11111111-1111-1111-1111-111111111111"><Output><StdOut>TestCase_2 output: Successful run.</StdOut></Output></UnitTestResult>
    <UnitTestResult executionId="00000000-0000-0000-0000-000000000003" testId="00000000-0000-0000-0000-000000000003" testName="TestCase_3" computerName="localhost" duration="00:00:10.000" startTime="2025-03-12T00:00:00.000Z" endTime="2025-03-12T00:00:10.000Z" outcome="Passed" testListId="11111111-1111-1111-1111-111111111111"><Output><StdOut>TestCase_3 output: Successful run.</StdOut></Output></UnitTestResult>
    <UnitTestResult executionId="00000000-0000-0000-0000-000000000004" testId="00000000-0000-0000-0000-000000000004" testName="TestCase_4" computerName="localhost" duration="00:00:10.000" startTime="2025-03-12T00:00:00.000Z" endTime="2025-03-12T00:00:10.000Z" outcome="Passed" testListId="11111111-1111-1111-1111-111111111111"><Output><StdOut>TestCase_4 output: Successful run.</StdOut></Output></UnitTestResult>
    <UnitTestResult executionId="00000000-0000-0000-0000-000000000005" testId="00000000-0000-0000-0000-000000000005" testName="TestCase_5" computerName="localhost" duration="00:00:10.000" startTime="2025-03-12T00:00:00.000Z" endTime="2025-03-12T00:00:10.000Z" outcome="Passed" testListId="11111111-1111-1111-1111-111111111111"><Output><StdOut>TestCase_5 output: Successful run.</StdOut></Output></UnitTestResult>
    <UnitTestResult executionId="00000000-0000-0000-0000-000000000006" testId="00000000-0000-0000-0000-000000000006" testName="TestCase_6" computerName="localhost" duration="00:00:10.000" startTime="2025-03-12T00:00:00.000Z" endTime="2025-03-12T00:00:10.000Z" outcome="Passed" testListId="11111111-1111-1111-1111-111111111111"><Output><StdOut>TestCase_6 output: Successful run.</StdOut></Output></UnitTestResult>
    <UnitTestResult executionId="00000000-0000-0000-0000-000000000007" testId="00000000-0000-0000-0000-000000000007" testName="TestCase_7" computerName="localhost" duration="00:00:10.000" startTime="2025-03-12T00:00:00.000Z" endTime="2025-03-12T00:00:10.000Z" outcome="Passed" testListId="11111111-1111-1111-1111-111111111111"><Output><StdOut>TestCase_7 output: Successful run.</StdOut></Output></UnitTestResult>
    <UnitTestResult executionId="00000000-0000-0000-0000-000000000008" testId="00000000-0000-0000-0000-000000000008" testName="TestCase_8" computerName="localhost" duration="00:00:10.000" startTime="2025-03-12T00:00:00.000Z" endTime="2025-03-12T00:00:10.000Z" outcome="Passed" testListId="11111111-1111-1111-1111-111111111111"><Output><StdOut>TestCase_8 output: Successful run.</StdOut></Output></UnitTestResult>
    <UnitTestResult executionId="00000000-0000-0000-0000-000000000009" testId="00000000-0000-0000-0000-000000000009" testName="TestCase_9" computerName="localhost" duration="00:00:10.000" startTime="2025-03-12T00:00:00.000Z" endTime="2025-03-12T00:00:10.000Z" outcome="Passed" testListId="11111111-1111-1111-1111-111111111111"><Output><StdOut>TestCase_9 output: Successful run.</StdOut></Output></UnitTestResult>
    <UnitTestResult executionId="00000000-0000-0000-0000-000000000010" testId="00000000-0000-0000-0000-000000000010" testName="TestCase_10" computerName="localhost" duration="00:00:10.000" startTime="2025-03-12T00:00:00.000Z" endTime="2025-03-12T00:00:10.000Z" outcome="Passed" testListId="11111111-1111-1111-1111-111111111111"><Output><StdOut>TestCase_10 output: Successful run.</StdOut></Output></UnitTestResult>
    <UnitTestResult executionId="00000000-0000-0000-0000-000000000011" testId="00000000-0000-0000-0000-000000000011" testName="TestCase_11" computerName="localhost" duration="00:00:10.000" startTime="2025-03-12T00:00:00.000Z" endTime="2025-03-12T00:00:10.000Z" outcome="Passed" testListId="11111111-1111-1111-1111-111111111111"><Output><StdOut>TestCase_11 output: Successful run.</StdOut></Output></UnitTestResult>
    <UnitTestResult executionId="00000000-0000-0000-0000-000000000012" testId="00000000-0000-0000-0000-000000000012" testName="TestCase_12" computerName="localhost" duration="00:00:10.000" startTime="2025-03-12T00:00:00.000Z" endTime="2025-03-12T00:00:10.000Z" outcome="Passed" testListId="11111111-1111-1111-1111-111111111111"><Output><StdOut>TestCase_12 output: Successful run.</StdOut></Output></UnitTestResult>
    <UnitTestResult executionId="00000000-0000-0000-0000-000000000013" testId="00000000-0000-0000-0000-000000000013" testName="TestCase_13" computerName="localhost" duration="00:00:10.000" startTime="2025-03-12T00:00:00.000Z" endTime="2025-03-12T00:00:10.000Z" outcome="Passed" testListId="11111111-1111-1111-1111-111111111111"><Output><StdOut>TestCase_13 output: Successful run.</StdOut></Output></UnitTestResult>
    <UnitTestResult executionId="00000000-0000-0000-0000-000000000014" testId="00000000-0000-0000-0000-000000000014" testName="TestCase_14" computerName="localhost" duration="00:00:10.000" startTime="2025-03-12T00:00:00.000Z" endTime="2025-03-12T00:00:10.000Z" outcome="Passed" testListId="11111111-1111-1111-1111-111111111111"><Output><StdOut>TestCase_14 output: Successful run.</StdOut></Output></UnitTestResult>
    <UnitTestResult executionId="00000000-0000-0000-0000-000000000015" testId="00000000-0000-0000-0000-000000000015" testName="TestCase_15" computerName="localhost" duration="00:00:10.000" startTime="2025-03-12T00:00:00.000Z" endTime="2025-03-12T00:00:10.000Z" outcome="Passed" testListId="11111111-1111-1111-1111-111111111111"><Output><StdOut>TestCase_15 output: Successful run.</StdOut></Output></UnitTestResult>
    <UnitTestResult executionId="00000000-0000-0000-0000-000000000016" testId="00000000-0000-0000-0000-000000000016" testName="TestCase_16" computerName="localhost" duration="00:00:10.000" startTime="2025-03-12T00:00:00.000Z" endTime="2025-03-12T00:00:10.000Z" outcome="Passed" testListId="11111111-1111-1111-1111-111111111111"><Output><StdOut>TestCase_16 output: Successful run.</StdOut></Output></UnitTestResult>
    <UnitTestResult executionId="00000000-0000-0000-0000-000000000017" testId="00000000-0000-0000-0000-000000000017" testName="TestCase_17" computerName="localhost" duration="00:00:10.000" startTime="2025-03-12T00:00:00.000Z" endTime="2025-03-12T00:00:10.000Z" outcome="Passed" testListId="11111111-1111-1111-1111-111111111111"><Output><StdOut>TestCase_17 output: Successful run.</StdOut></Output></UnitTestResult>
    <UnitTestResult executionId="00000000-0000-0000-0000-000000000018" testId="00000000-0000-0000-0000-000000000018" testName="TestCase_18" computerName="localhost" duration="00:00:10.000" startTime="2025-03-12T00:00:00.000Z" endTime="2025-03-12T00:00:10.000Z" outcome="Passed" testListId="11111111-1111-1111-1111-111111111111"><Output><StdOut>TestCase_18 output: Successful run.</StdOut></Output></UnitTestResult>
    <UnitTestResult executionId="00000000-0000-0000-0000-000000000019" testId="00000000-0000-0000-0000-000000000019" testName="TestCase_19" computerName="localhost" duration="00:00:10.000" startTime="2025-03-12T00:00:00.000Z" endTime="2025-03-12T00:00:10.000Z" outcome="Passed" testListId="11111111-1111-1111-1111-111111111111"><Output><StdOut>TestCase_19 output: Successful run.</StdOut></Output></UnitTestResult>
    <UnitTestResult executionId="00000000-0000-0000-0000-000000000020" testId="00000000-0000-0000-0000-000000000020" testName="TestCase_20" computerName="localhost" duration="00:00:10.000" startTime="2025-03-12T00:00:00.000Z" endTime="2025-03-12T00:00:10.000Z" outcome="Passed" testListId="11111111-1111-1111-1111-111111111111"><Output><StdOut>TestCase_20 output: Successful run.</StdOut></Output></UnitTestResult>
    <UnitTestResult executionId="00000000-0000-0000-0000-000000000021" testId="00000000-0000-0000-0000-000000000021" testName="TestCase_21" computerName="localhost" duration="00:00:10.000" startTime="2025-03-12T00:00:00.000Z" endTime="2025-03-12T00:00:10.000Z" outcome="Passed" testListId="11111111-1111-1111-1111-111111111111"><Output><StdOut>TestCase_21 output: Successful run.</StdOut></Output></UnitTestResult>
    <UnitTestResult executionId="00000000-0000-0000-0000-000000000022" testId="00000000-0000-0000-0000-000000000022" testName="TestCase_22" computerName="localhost" duration="00:00:10.000" startTime="2025-03-12T00:00:00.000Z" endTime="2025-03-12T00:00:10.000Z" outcome="Passed" testListId="11111111-1111-1111-1111-111111111111"><Output><StdOut>TestCase_22 output: Successful run.</StdOut></Output></UnitTestResult>
    <UnitTestResult executionId="00000000-0000-0000-0000-000000000023" testId="00000000-0000-0000-0000-000000000023" testName="TestCase_23" computerName="localhost" duration="00:00:10.000" startTime="2025-03-12T00:00:00.000Z" endTime="2025-03-12T00:00:10.000Z" outcome="Passed" testListId="11111111-1111-1111-1111-111111111111"><Output><StdOut>TestCase_23 output: Successful run.</StdOut></Output></UnitTestResult>
    <UnitTestResult executionId="00000000-0000-0000-0000-000000000024" testId="00000000-0000-0000-0000-000000000024" testName="TestCase_24" computerName="localhost" duration="00:00:10.000" startTime="2025-03-12T00:00:00.000Z" endTime="2025-03-12T00:00:10.000Z" outcome="Passed" testListId="11111111-1111-1111-1111-111111111111"><Output><StdOut>TestCase_24 output: Successful run.</StdOut></Output></UnitTestResult>
    <UnitTestResult executionId="00000000-0000-0000-0000-000000000025" testId="00000000-0000-0000-0000-000000000025" testName="TestCase_25" computerName="localhost" duration="00:00:10.000" startTime="2025-03-12T00:00:00.000Z" endTime="2025-03-12T00:00:10.000Z" outcome="Passed" testListId="11111111-1111-1111-1111-111111111111"><Output><StdOut>TestCase_25 output: Successful run.</StdOut></Output></UnitTestResult>
    <UnitTestResult executionId="00000000-0000-0000-0000-000000000026" testId="00000000-0000-0000-0000-000000000026" testName="TestCase_26" computerName="localhost" duration="00:00:10.000" startTime="2025-03-12T00:00:00.000Z" endTime="2025-03-12T00:00:10.000Z" outcome="Passed" testListId="11111111-1111-1111-1111-111111111111"><Output><StdOut>TestCase_26 output: Successful run.</StdOut></Output></UnitTestResult>
    <UnitTestResult executionId="00000000-0000-0000-0000-000000000027" testId="00000000-0000-0000-0000-000000000027" testName="TestCase_27" computerName="localhost" duration="00:00:10.000" startTime="2025-03-12T00:00:00.000Z" endTime="2025-03-12T00:00:10.000Z" outcome="Passed" testListId="11111111-1111-1111-1111-111111111111"><Output><StdOut>TestCase_27 output: Successful run.</StdOut></Output></UnitTestResult>
    <UnitTestResult executionId="00000000-0000-0000-0000-000000000028" testId="00000000-0000-0000-0000-000000000028" testName="TestCase_28" computerName="localhost" duration="00:00:10.000" startTime="2025-03-12T00:00:00.000Z" endTime="2025-03-12T00:00:10.000Z" outcome="Passed" testListId="11111111-1111-1111-1111-111111111111"><Output><StdOut>TestCase_28 output: Successful run.</StdOut></Output></UnitTestResult>
    <UnitTestResult executionId="00000000-0000-0000-0000-000000000029" testId="00000000-0000-0000-0000-000000000029" testName="TestCase_29" computerName="localhost" duration="00:00:10.000" startTime="2025-03-12T00:00:00.000Z" endTime="2025-03-12T00:00:10.000Z" outcome="Passed" testListId="11111111-1111-1111-1111-111111111111"><Output><StdOut>TestCase_29 output: Successful run.</StdOut></Output></UnitTestResult>
    <UnitTestResult executionId="00000000-0000-0000-0000-000000000030" testId="00000000-0000-0000-0000-000000000030" testName="TestCase_30" computerName="localhost" duration="00:00:10.000" startTime="2025-03-12T00:00:00.000Z" endTime="2025-03-12T00:00:10.000Z" outcome="Passed" testListId="11111111-1111-1111-1111-111111111111"><Output><StdOut>TestCase_30 output: Successful run.</StdOut></Output></UnitTestResult>
    <UnitTestResult executionId="00000000-0000-0000-0000-000000000031" testId="00000000-0000-0000-0000-000000000031" testName="TestCase_31" computerName="localhost" duration="00:00:10.000" startTime="2025-03-12T00:00:00.000Z" endTime="2025-03-12T00:00:10.000Z" outcome="Passed" testListId="11111111-1111-1111-1111-111111111111"><Output><StdOut>TestCase_31 output: Successful run.</StdOut></Output></UnitTestResult>
    <UnitTestResult executionId="00000000-0000-0000-0000-000000000032" testId="00000000-0000-0000-0000-000000000032" testName="TestCase_32" computerName="localhost" duration="00:00:10.000" startTime="2025-03-12T00:00:00.000Z" endTime="2025-03-12T00:00:10.000Z" outcome="Passed" testListId="11111111-1111-1111-1111-111111111111"><Output><StdOut>TestCase_32 output: Successful run.</StdOut></Output></UnitTestResult>
    <UnitTestResult executionId="00000000-0000-0000-0000-000000000033" testId="00000000-0000-0000-0000-000000000033" testName="TestCase_33" computerName="localhost" duration="00:00:10.000" startTime="2025-03-12T00:00:00.000Z" endTime="2025-03-12T00:00:10.000Z" outcome="Passed" testListId="11111111-1111-1111-1111-111111111111"><Output><StdOut>TestCase_33 output: Successful run.</StdOut></Output></UnitTestResult>
    <UnitTestResult executionId="00000000-0000-0000-0000-000000000034" testId="00000000-0000-0000-0000-000000000034" testName="TestCase_34" computerName="localhost" duration="00:00:10.000" startTime="2025-03-12T00:00:00.000Z" endTime="2025-03-12T00:00:10.000Z" outcome="Passed" testListId="11111111-1111-1111-1111-111111111111"><Output><StdOut>TestCase_34 output: Successful run.</StdOut></Output></UnitTestResult>
    <UnitTestResult executionId="00000000-0000-0000-0000-000000000035" testId="00000000-0000-0000-0000-000000000035" testName="TestCase_35" computerName="localhost" duration="00:00:10.000" startTime="2025-03-12T00:00:00.000Z" endTime="2025-03-12T00:00:10.000Z" outcome="Passed" testListId="11111111-1111-1111-1111-111111111111"><Output><StdOut>TestCase_35 output: Successful run.</StdOut></Output></UnitTestResult>
    <UnitTestResult executionId="00000000-0000-0000-0000-000000000036" testId="00000000-0000-0000-0000-000000000036" testName="TestCase_36" computerName="localhost" duration="00:00:10.000" startTime="2025-03-12T00:00:00.000Z" endTime="2025-03-12T00:00:10.000Z" outcome="Passed" testListId="11111111-1111-1111-1111-111111111111"><Output><StdOut>TestCase_36 output: Successful run.</StdOut></Output></UnitTestResult>
    <UnitTestResult executionId="00000000-0000-0000-0000-000000000037" testId="00000000-0000-0000-0000-000000000037" testName="TestCase_37" computerName="localhost" duration="00:00:10.000" startTime="2025-03-12T00:00:00.000Z" endTime="2025-03-12T00:00:10.000Z" outcome="Passed" testListId="11111111-1111-1111-1111-111111111111"><Output><StdOut>TestCase_37 output: Successful run.</StdOut></Output></UnitTestResult>
    <UnitTestResult executionId="00000000-0000-0000-0000-000000000038" testId="00000000-0000-0000-0000-000000000038" testName="TestCase_38" computerName="localhost" duration="00:00:10.000" startTime="2025-03-12T00:00:00.000Z" endTime="2025-03-12T00:00:10.000Z" outcome="Passed" testListId="11111111-1111-1111-1111-111111111111"><Output><StdOut>TestCase_38 output: Successful run.</StdOut></Output></UnitTestResult>
    <UnitTestResult executionId="00000000-0000-0000-0000-000000000039" testId="00000000-0000-0000-0000-000000000039" testName="TestCase_39" computerName="localhost" duration="00:00:10.000" startTime="2025-03-12T00:00:00.000Z" endTime="2025-03-12T00:00:10.000Z" outcome="Passed" testListId="11111111-1111-1111-1111-111111111111"><Output><StdOut>TestCase_39 output: Successful run.</StdOut></Output></UnitTestResult>
    <UnitTestResult executionId="00000000-0000-0000-0000-000000000040" testId="00000000-0000-0000-0000-000000000040" testName="TestCase_40" computerName="localhost" duration="00:00:10.000" startTime="2025-03-12T00:00:00.000Z" endTime="2025-03-12T00:00:10.000Z" outcome="Passed" testListId="11111111-1111-1111-1111-111111111111"><Output><StdOut>TestCase_40 output: Successful run.</StdOut></Output></UnitTestResult>
    <UnitTestResult executionId="00000000-0000-0000-0000-000000000041" testId="00000000-0000-0000-0000-000000000041" testName="TestCase_41" computerName="localhost" duration="00:00:10.000" startTime="2025-03-12T00:00:00.000Z" endTime="2025-03-12T00:00:10.000Z" outcome="Passed" testListId="11111111-1111-1111-1111-111111111111"><Output><StdOut>TestCase_41 output: Successful run.</StdOut></Output></UnitTestResult>
    <UnitTestResult executionId="00000000-0000-0000-0000-000000000042" testId="00000000-0000-0000-0000-000000000042" testName="TestCase_42" computerName="localhost" duration="00:00:10.000" startTime="2025-03-12T00:00:00.000Z" endTime="2025-03-12T00:00:10.000Z" outcome="Passed" testListId="11111111-1111-1111-1111-111111111111"><Output><StdOut>TestCase_42 output: Successful run.</StdOut></Output></UnitTestResult>
    <UnitTestResult executionId="00000000-0000-0000-0000-000000000043" testId="00000000-0000-0000-0000-000000000043" testName="TestCase_43" computerName="localhost" duration="00:00:10.000" startTime="2025-03-12T00:00:00.000Z" endTime="2025-03-12T00:00:10.000Z" outcome="Passed" testListId="11111111-1111-1111-1111-111111111111"><Output><StdOut>TestCase_43 output: Successful run.</StdOut></Output></UnitTestResult>
    <UnitTestResult executionId="00000000-0000-0000-0000-000000000044" testId="00000000-0000-0000-0000-000000000044" testName="TestCase_44" computerName="localhost" duration="00:00:10.000" startTime="2025-03-12T00:00:00.000Z" endTime="2025-03-12T00:00:10.000Z" outcome="Passed" testListId="11111111-1111-1111-1111-111111111111"><Output><StdOut>TestCase_44 output: Successful run.</StdOut></Output></UnitTestResult>
    <UnitTestResult executionId="00000000-0000-0000-0000-000000000045" testId="00000000-0000-0000-0000-000000000045" testName="TestCase_45" computerName="localhost" duration="00:00:10.000" startTime="2025-03-12T00:00:00.000Z" endTime="2025-03-12T00:00:10.000Z" outcome="Passed" testListId="11111111-1111-1111-1111-111111111111"><Output><StdOut>TestCase_45 output: Successful run.</StdOut></Output></UnitTestResult>
    <UnitTestResult executionId="00000000-0000-0000-0000-000000000046" testId="00000000-0000-0000-0000-000000000046" testName="TestCase_46" computerName="localhost" duration="00:00:10.000" startTime="2025-03-12T00:00:00.000Z" endTime="2025-03-12T00:00:10.000Z" outcome="Passed" testListId="11111111-1111-1111-1111-111111111111"><Output><StdOut>TestCase_46 output: Successful run.</StdOut></Output></UnitTestResult>
    <UnitTestResult executionId="00000000-0000-0000-0000-000000000047" testId="00000000-0000-0000-0000-000000000047" testName="TestCase_47" computerName="localhost" duration="00:00:10.000" startTime="2025-03-12T00:00:00.000Z" endTime="2025-03-12T00:00:10.000Z" outcome="Passed" testListId="11111111-1111-1111-1111-111111111111"><Output><StdOut>TestCase_47 output: Successful run.</StdOut></Output></UnitTestResult>
    <UnitTestResult executionId="00000000-0000-0000-0000-000000000048" testId="00000000-0000-0000-0000-000000000048" testName="TestCase_48" computerName="localhost" duration="00:00:10.000" startTime="2025-03-12T00:00:00.000Z" endTime="2025-03-12T00:00:10.000Z" outcome="Passed" testListId="11111111-1111-1111-1111-111111111111"><Output><StdOut>TestCase_48 output: Successful run.</StdOut></Output></UnitTestResult>
    <UnitTestResult executionId="00000000-0000-0000-0000-000000000049" testId="00000000-0000-0000-0000-000000000049" testName="TestCase_49" computerName="localhost" duration="00:00:10.000" startTime="2025-03-12T00:00:00.000Z" endTime="2025-03-12T00:00:10.000Z" outcome="Passed" testListId="11111111-1111-1111-1111-111111111111"><Output><StdOut>TestCase_49 output: Successful run.</StdOut></Output></UnitTestResult>
    <UnitTestResult executionId="00000000-0000-0000-0000-000000000050" testId="00000000-0000-0000-0000-000000000050" testName="TestCase_50" computerName="localhost" duration="00:00:10.000" startTime="2025-03-12T00:00:00.000Z" endTime="2025-03-12T00:00:10.000Z" outcome="Passed" testListId="11111111-1111-1111-1111-111111111111"><Output><StdOut>TestCase_50 output: Successful run.</StdOut></Output></UnitTestResult>
    <UnitTestResult executionId="00000000-0000-0000-0000-000000000051" testId="00000000-0000-0000-0000-000000000051" testName="TestCase_51" computerName="localhost" duration="00:00:10.000" startTime="2025-03-12T00:00:00.000Z" endTime="2025-03-12T00:00:10.000Z" outcome="Passed" testListId="11111111-1111-1111-1111-111111111111"><Output><StdOut>TestCase_51 output: Successful run.</StdOut></Output></UnitTestResult>
    <UnitTestResult executionId="00000000-0000-0000-0000-000000000052" testId="00000000-0000-0000-0000-000000000052" testName="TestCase_52" computerName="localhost" duration="00:00:10.000" startTime="2025-03-12T00:00:00.000Z" endTime="2025-03-12T00:00:10.000Z" outcome="Passed" testListId="11111111-1111-1111-1111-111111111111"><Output><StdOut>TestCase_52 output: Successful run.</StdOut></Output></UnitTestResult>
    <UnitTestResult executionId="00000000-0000-0000-0000-000000000053" testId="00000000-0000-0000-0000-000000000053" testName="TestCase_53" computerName="localhost" duration="00:00:10.000" startTime="2025-03-12T00:00:00.000Z" endTime="2025-03-12T00:00:10.000Z" outcome="Passed" testListId="11111111-1111-1111-1111-111111111111"><Output><StdOut>TestCase_53 output: Successful run.</StdOut></Output></UnitTestResult>
    <UnitTestResult executionId="00000000-0000-0000-0000-000000000054" testId="00000000-0000-0000-0000-000000000054" testName="TestCase_54" computerName="localhost" duration="00:00:10.000" startTime="2025-03-12T00:00:00.000Z" endTime="2025-03-12T00:00:10.000Z" outcome="Passed" testListId="11111111-1111-1111-1111-111111111111"><Output><StdOut>TestCase_54 output: Successful run.</StdOut></Output></UnitTestResult>
    <UnitTestResult executionId="00000000-0000-0000-0000-000000000055" testId="00000000-0000-0000-0000-000000000055" testName="TestCase_55" computerName="localhost" duration="00:00:10.000" startTime="2025-03-12T00:00:00.000Z" endTime="2025-03-12T00:00:10.000Z" outcome="Passed" testListId="11111111-1111-1111-1111-111111111111"><Output><StdOut>TestCase_55 output: Successful run.</StdOut></Output></UnitTestResult>
    <UnitTestResult executionId="00000000-0000-0000-0000-000000000056" testId="00000000-0000-0000-0000-000000000056" testName="TestCase_56" computerName="localhost" duration="00:00:10.000" startTime="2025-03-12T00:00:00.000Z" endTime="2025-03-12T00:00:10.000Z" outcome="Passed" testListId="11111111-1111-1111-1111-111111111111"><Output><StdOut>TestCase_56 output: Successful run.</StdOut></Output></UnitTestResult>
    <UnitTestResult executionId="00000000-0000-0000-0000-000000000057" testId="00000000-0000-0000-0000-000000000057" testName="TestCase_57" computerName="localhost" duration="00:00:10.000" startTime="2025-03-12T00:00:00.000Z" endTime="2025-03-12T00:00:10.000Z" outcome="Passed" testListId="11111111-1111-1111-1111-111111111111"><Output><StdOut>TestCase_57 output: Successful run.</StdOut></Output></UnitTestResult>
    <UnitTestResult executionId="00000000-0000-0000-0000-000000000058" testId="00000000-0000-0000-0000-000000000058" testName="TestCase_58" computerName="localhost" duration="00:00:10.000" startTime="2025-03-12T00:00:00.000Z" endTime="2025-03-12T00:00:10.000Z" outcome="Passed" testListId="11111111-1111-1111-1111-111111111111"><Output><StdOut>TestCase_58 output: Successful run.</StdOut></Output></UnitTestResult>
    <UnitTestResult executionId="00000000-0000-0000-0000-000000000059" testId="00000000-0000-0000-0000-000000000059" testName="TestCase_59" computerName="localhost" duration="00:00:10.000" startTime="2025-03-12T00:00:00.000Z" endTime="2025-03-12T00:00:10.000Z" outcome="Passed" testListId="11111111-1111-1111-1111-111111111111"><Output><StdOut>TestCase_59 output: Successful run.</StdOut></Output></UnitTestResult>
    <UnitTestResult executionId="00000000-0000-0000-0000-000000000060" testId="00000000-0000-0000-0000-000000000060" testName="TestCase_60" computerName="localhost" duration="00:00:10.000" startTime="2025-03-12T00:00:00.000Z" endTime="2025-03-12T00:00:10.000Z" outcome="Passed" testListId="11111111-1111-1111-1111-111111111111"><Output><StdOut>TestCase_60 output: Successful run.</StdOut></Output></UnitTestResult>
    <UnitTestResult executionId="00000000-0000-0000-0000-000000000061" testId="00000000-0000-0000-0000-000000000061" testName="TestCase_61" computerName="localhost" duration="00:00:10.000" startTime="2025-03-12T00:00:00.000Z" endTime="2025-03-12T00:00:10.000Z" outcome="Passed" testListId="11111111-1111-1111-1111-111111111111"><Output><StdOut>TestCase_61 output: Successful run.</StdOut></Output></UnitTestResult>
    <UnitTestResult executionId="00000000-0000-0000-0000-000000000062" testId="00000000-0000-0000-0000-000000000062" testName="TestCase_62" computerName="localhost" duration="00:00:10.000" startTime="2025-03-12T00:00:00.000Z" endTime="2025-03-12T00:00:10.000Z" outcome="Passed" testListId="11111111-1111-1111-1111-111111111111"><Output><StdOut>TestCase_62 output: Successful run.</StdOut></Output></UnitTestResult>
    <UnitTestResult executionId="00000000-0000-0000-0000-000000000063" testId="00000000-0000-0000-0000-000000000063" testName="TestCase_63" computerName="localhost" duration="00:00:10.000" startTime="2025-03-12T00:00:00.000Z" endTime="2025-03-12T00:00:10.000Z" outcome="Passed" testListId="11111111-1111-1111-1111-111111111111"><Output><StdOut>TestCase_63 output: Successful run.</StdOut></Output></UnitTestResult>
    <UnitTestResult executionId="00000000-0000-0000-0000-000000000064" testId="00000000-0000-0000-0000-000000000064" testName="TestCase_64" computerName="localhost" duration="00:00:10.000" startTime="2025-03-12T00:00:00.000Z" endTime="2025-03-12T00:00:10.000Z" outcome="Passed" testListId="11111111-1111-1111-1111-111111111111"><Output><StdOut>TestCase_64 output: Successful run.</StdOut></Output></UnitTestResult>
    <UnitTestResult executionId="00000000-0000-0000-0000-000000000065" testId="00000000-0000-0000-0000-000000000065" testName="TestCase_65" computerName="localhost" duration="00:00:10.000" startTime="2025-03-12T00:00:00.000Z" endTime="2025-03-12T00:00:10.000Z" outcome="Passed" testListId="11111111-1111-1111-1111-111111111111"><Output><StdOut>TestCase_65 output: Successful run.</StdOut></Output></UnitTestResult>
    <UnitTestResult executionId="00000000-0000-0000-0000-000000000066" testId="00000000-0000-0000-0000-000000000066" testName="TestCase_66" computerName="localhost" duration="00:00:10.000" startTime="2025-03-12T00:00:00.000Z" endTime="2025-03-12T00:00:10.000Z" outcome="Passed" testListId="11111111-1111-1111-1111-111111111111"><Output><StdOut>TestCase_66 output: Successful run.</StdOut></Output></UnitTestResult>
    <UnitTestResult executionId="00000000-0000-0000-0000-000000000067" testId="00000000-0000-0000-0000-000000000067" testName="TestCase_67" computerName="localhost" duration="00:00:10.000" startTime="2025-03-12T00:00:00.000Z" endTime="2025-03-12T00:00:10.000Z" outcome="Passed" testListId="11111111-1111-1111-1111-111111111111"><Output><StdOut>TestCase_67 output: Successful run.</StdOut></Output></UnitTestResult>
    <UnitTestResult executionId="00000000-0000-0000-0000-000000000068" testId="00000000-0000-0000-0000-000000000068" testName="TestCase_68" computerName="localhost" duration="00:00:10.000" startTime="2025-03-12T00:00:00.000Z" endTime="2025-03-12T00:00:10.000Z" outcome="Passed" testListId="11111111-1111-1111-1111-111111111111"><Output><StdOut>TestCase_68 output: Successful run.</StdOut></Output></UnitTestResult>
    <UnitTestResult executionId="00000000-0000-0000-0000-000000000069" testId="00000000-0000-0000-0000-000000000069" testName="TestCase_69" computerName="localhost" duration="00:00:10.000" startTime="2025-03-12T00:00:00.000Z" endTime="2025-03-12T00:00:10.000Z" outcome="Passed" testListId="11111111-1111-1111-1111-111111111111"><Output><StdOut>TestCase_69 output: Successful run.</StdOut></Output></UnitTestResult>
    <UnitTestResult executionId="00000000-0000-0000-0000-000000000070" testId="00000000-0000-0000-0000-000000000070" testName="TestCase_70" computerName="localhost" duration="00:00:10.000" startTime="2025-03-12T00:00:00.000Z" endTime="2025-03-12T00:00:10.000Z" outcome="Passed" testListId="11111111-1111-1111-1111-111111111111"><Output><StdOut>TestCase_70 output: Successful run.</StdOut></Output></UnitTestResult>
    <UnitTestResult executionId="00000000-0000-0000-0000-000000000071" testId="00000000-0000-0000-0000-000000000071" testName="TestCase_71" computerName="localhost" duration="00:00:10.000" startTime="2025-03-12T00:00:00.000Z" endTime="2025-03-12T00:00:10.000Z" outcome="Passed" testListId="11111111-1111-1111-1111-111111111111"><Output><StdOut>TestCase_71 output: Successful run.</StdOut></Output></UnitTestResult>
    <UnitTestResult executionId="00000000-0000-0000-0000-000000000072" testId="00000000-0000-0000-0000-000000000072" testName="TestCase_72" computerName="localhost" duration="00:00:10.000" startTime="2025-03-12T00:00:00.000Z" endTime="2025-03-12T00:00:10.000Z" outcome="Passed" testListId="11111111-1111-1111-1111-111111111111"><Output><StdOut>TestCase_72 output: Successful run.</StdOut></Output></UnitTestResult>
    <UnitTestResult executionId="00000000-0000-0000-0000-000000000073" testId="00000000-0000-0000-0000-000000000073" testName="TestCase_73" computerName="localhost" duration="00:00:10.000" startTime="2025-03-12T00:00:00.000Z" endTime="2025-03-12T00:00:10.000Z" outcome="Passed" testListId="11111111-1111-1111-1111-111111111111"><Output><StdOut>TestCase_73 output: Successful run.</StdOut></Output></UnitTestResult>
    <UnitTestResult executionId="00000000-0000-0000-0000-000000000074" testId="00000000-0000-0000-0000-000000000074" testName="TestCase_74" computerName="localhost" duration="00:00:10.000" startTime="2025-03-12T00:00:00.000Z" endTime="2025-03-12T00:00:10.000Z" outcome="Passed" testListId="11111111-1111-1111-1111-111111111111"><Output><StdOut>TestCase_74 output: Successful run.</StdOut></Output></UnitTestResult>
    <UnitTestResult executionId="00000000-0000-0000-0000-000000000075" testId="00000000-0000-0000-0000-000000000075" testName="TestCase_75" computerName="localhost" duration="00:00:10.000" startTime="2025-03-12T00:00:00.000Z" endTime="2025-03-12T00:00:10.000Z" outcome="Passed" testListId="11111111-1111-1111-1111-111111111111"><Output><StdOut>TestCase_75 output: Successful run.</StdOut></Output></UnitTestResult>
    <UnitTestResult executionId="00000000-0000-0000-0000-000000000076" testId="00000000-0000-0000-0000-000000000076" testName="TestCase_76" computerName="localhost" duration="00:00:10.000" startTime="2025-03-12T00:00:00.000Z" endTime="2025-03-12T00:00:10.000Z" outcome="Passed" testListId="11111111-1111-1111-1111-111111111111"><Output><StdOut>TestCase_76 output: Successful run.</StdOut></Output></UnitTestResult>
    <UnitTestResult executionId="00000000-0000-0000-0000-000000000077" testId="00000000-0000-0000-0000-000000000077" testName="TestCase_77" computerName="localhost" duration="00:00:10.000" startTime="2025-03-12T00:00:00.000Z" endTime="2025-03-12T00:00:10.000Z" outcome="Passed" testListId="11111111-1111-1111-1111-111111111111"><Output><StdOut>TestCase_77 output: Successful run.</StdOut></Output></UnitTestResult>
    <UnitTestResult executionId="00000000-0000-0000-0000-000000000078" testId="00000000-0000-0000-0000-000000000078" testName="TestCase_78" computerName="localhost" duration="00:00:10.000" startTime="2025-03-12T00:00:00.000Z" endTime="2025-03-12T00:00:10.000Z" outcome="Passed" testListId="11111111-1111-1111-1111-111111111111"><Output><StdOut>TestCase_78 output: Successful run.</StdOut></Output></UnitTestResult>
    <UnitTestResult executionId="00000000-0000-0000-0000-000000000079" testId="00000000-0000-0000-0000-000000000079" testName="TestCase_79" computerName="localhost" duration="00:00:10.000" startTime="2025-03-12T00:00:00.000Z" endTime="2025-03-12T00:00:10.000Z" outcome="Passed" testListId="11111111-1111-1111-1111-111111111111"><Output><StdOut>TestCase_79 output: Successful run.</StdOut></Output></UnitTestResult>
    <UnitTestResult executionId="00000000-0000-0000-0000-000000000080" testId="00000000-0000-0000-0000-000000000080" testName="TestCase_80" computerName="localhost" duration="00:00:10.000" startTime="2025-03-12T00:00:00.000Z" endTime="2025-03-12T00:00:10.000Z" outcome="Passed" testListId="11111111-1111-1111-1111-111111111111"><Output><StdOut>TestCase_80 output: Successful run.</StdOut></Output></UnitTestResult>
    <UnitTestResult executionId="00000000-0000-0000-0000-000000000081" testId="00000000-0000-0000-0000-000000000081" testName="TestCase_81" computerName="localhost" duration="00:00:10.000" startTime="2025-03-12T00:00:00.000Z" endTime="2025-03-12T00:00:10.000Z" outcome="Passed" testListId="11111111-1111-1111-1111-111111111111"><Output><StdOut>TestCase_81 output: Successful run.</StdOut></Output></UnitTestResult>
    <UnitTestResult executionId="00000000-0000-0000-0000-000000000082" testId="00000000-0000-0000-0000-000000000082" testName="TestCase_82" computerName="localhost" duration="00:00:10.000" startTime="2025-03-12T00:00:00.000Z" endTime="2025-03-12T00:00:10.000Z" outcome="Passed" testListId="11111111-1111-1111-1111-111111111111"><Output><StdOut>TestCase_82 output: Successful run.</StdOut></Output></UnitTestResult>
    <UnitTestResult executionId="00000000-0000-0000-0000-000000000083" testId="00000000-0000-0000-0000-000000000083" testName="TestCase_83" computerName="localhost" duration="00:00:10.000" startTime="2025-03-12T00:00:00.000Z" endTime="2025-03-12T00:00:10.000Z" outcome="Passed" testListId="11111111-1111-1111-1111-111111111111"><Output><StdOut>TestCase_83 output: Successful run.</StdOut></Output></UnitTestResult>
    <UnitTestResult executionId="00000000-0000-0000-0000-000000000084" testId="00000000-0000-0000-0000-000000000084" testName="TestCase_84" computerName="localhost" duration="00:00:10.000" startTime="2025-03-12T00:00:00.000Z" endTime="2025-03-12T00:00:10.000Z" outcome="Passed" testListId="11111111-1111-1111-1111-111111111111"><Output><StdOut>TestCase_84 output: Successful run.</StdOut></Output></UnitTestResult>
    <UnitTestResult executionId="00000000-0000-0000-0000-000000000085" testId="00000000-0000-0000-0000-000000000085" testName="TestCase_85" computerName="localhost" duration="00:00:10.000" startTime="2025-03-12T00:00:00.000Z" endTime="2025-03-12T00:00:10.000Z" outcome="Passed" testListId="11111111-1111-1111-1111-111111111111"><Output><StdOut>TestCase_85 output: Successful run.</StdOut></Output></UnitTestResult>
    <UnitTestResult executionId="00000000-0000-0000-0000-000000000086" testId="00000000-0000-0000-0000-000000000086" testName="TestCase_86" computerName="localhost" duration="00:00:10.000" startTime="2025-03-12T00:00:00.000Z" endTime="2025-03-12T00:00:10.000Z" outcome="Passed" testListId="11111111-1111-1111-1111-111111111111"><Output><StdOut>TestCase_86 output: Successful run.</StdOut></Output></UnitTestResult>
    <UnitTestResult executionId="00000000-0000-0000-0000-000000000087" testId="00000000-0000-0000-0000-000000000087" testName="TestCase_87" computerName="localhost" duration="00:00:10.000" startTime="2025-03-12T00:00:00.000Z" endTime="2025-03-12T00:00:10.000Z" outcome="Passed" testListId="11111111-1111-1111-1111-111111111111"><Output><StdOut>TestCase_87 output: Successful run.</StdOut></Output></UnitTestResult>
    <UnitTestResult executionId="00000000-0000-0000-0000-000000000088" testId="00000000-0000-0000-0000-000000000088" testName="TestCase_88" computerName="localhost" duration="00:00:10.000" startTime="2025-03-12T00:00:00.000Z" endTime="2025-03-12T00:00:10.000Z" outcome="Passed" testListId="11111111-1111-1111-1111-111111111111"><Output><StdOut>TestCase_88 output: Successful run.</StdOut></Output></UnitTestResult>
    <UnitTestResult executionId="00000000-0000-0000-0000-000000000089" testId="00000000-0000-0000-0000-000000000089" testName="TestCase_89" computerName="localhost" duration="00:00:10.000" startTime="2025-03-12T00:00:00.000Z" endTime="2025-03-12T00:00:10.000Z" outcome="Passed" testListId="11111111-1111-1111-1111-111111111111"><Output><StdOut>TestCase_89 output: Successful run.</StdOut></Output></UnitTestResult>
    <UnitTestResult executionId="00000000-0000-0000-0000-000000000090" testId="00000000-0000-0000-0000-000000000090" testName="TestCase_90" computerName="localhost" duration="00:00:10.000" startTime="2025-03-12T00:00:00.000Z" endTime="2025-03-12T00:00:10.000Z" outcome="Passed" testListId="11111111-1111-1111-1111-111111111111"><Output><StdOut>TestCase_90 output: Successful run.</StdOut></Output></UnitTestResult>
    <UnitTestResult executionId="00000000-0000-0000-0000-000000000091" testId="00000000-0000-0000-0000-000000000091" testName="TestCase_91" computerName="localhost" duration="00:00:10.000" startTime="2025-03-12T00:00:00.000Z" endTime="2025-03-12T00:00:10.000Z" outcome="Passed" testListId="11111111-1111-1111-1111-111111111111"><Output><StdOut>TestCase_91 output: Successful run.</StdOut></Output></UnitTestResult>
    <UnitTestResult executionId="00000000-0000-0000-0000-000000000092" testId="00000000-0000-0000-0000-000000000092" testName="TestCase_92" computerName="localhost" duration="00:00:10.000" startTime="2025-03-12T00:00:00.000Z" endTime="2025-03-12T00:00:10.000Z" outcome="Passed" testListId="11111111-1111-1111-1111-111111111111"><Output><StdOut>TestCase_92 output: Successful run.</StdOut></Output></UnitTestResult>
    <UnitTestResult executionId="00000000-0000-0000-0000-000000000093" testId="00000000-0000-0000-0000-000000000093" testName="TestCase_93" computerName="localhost" duration="00:00:10.000" startTime="2025-03-12T00:00:00.000Z" endTime="2025-03-12T00:00:10.000Z" outcome="Passed" testListId="11111111-1111-1111-1111-111111111111"><Output><StdOut>TestCase_93 output: Successful run.</StdOut></Output></UnitTestResult>
    <UnitTestResult executionId="00000000-0000-0000-0000-000000000094" testId="00000000-0000-0000-0000-000000000094" testName="TestCase_94" computerName="localhost" duration="00:00:10.000" startTime="2025-03-12T00:00:00.000Z" endTime="2025-03-12T00:00:10.000Z" outcome="Passed" testListId="11111111-1111-1111-1111-111111111111"><Output><StdOut>TestCase_94 output: Successful run.</StdOut></Output></UnitTestResult>
    <UnitTestResult executionId="00000000-0000-0000-0000-000000000095" testId="00000000-0000-0000-0000-000000000095" testName="TestCase_95" computerName="localhost" duration="00:00:10.000" startTime="2025-03-12T00:00:00.000Z" endTime="2025-03-12T00:00:10.000Z" outcome="Passed" testListId="11111111-1111-1111-1111-111111111111"><Output><StdOut>TestCase_95 output: Successful run.</StdOut></Output></UnitTestResult>
    <UnitTestResult executionId="00000000-0000-0000-0000-000000000096" testId="00000000-0000-0000-0000-000000000096" testName="TestCase_96" computerName="localhost" duration="00:00:10.000" startTime="2025-03-12T00:00:00.000Z" endTime="2025-03-12T00:00:10.000Z" outcome="Passed" testListId="11111111-1111-1111-1111-111111111111"><Output><StdOut>TestCase_96 output: Successful run.</StdOut></Output></UnitTestResult>
    <UnitTestResult executionId="00000000-0000-0000-0000-000000000097" testId="00000000-0000-0000-0000-000000000097" testName="TestCase_97" computerName="localhost" duration="00:00:10.000" startTime="2025-03-12T00:00:00.000Z" endTime="2025-03-12T00:00:10.000Z" outcome="Passed" testListId="11111111-1111-1111-1111-111111111111"><Output><StdOut>TestCase_97 output: Successful run.</StdOut></Output></UnitTestResult>
    <UnitTestResult executionId="00000000-0000-0000-0000-000000000098" testId="00000000-0000-0000-0000-000000000098" testName="TestCase_98" computerName="localhost" duration="00:00:10.000" startTime="2025-03-12T00:00:00.000Z" endTime="2025-03-12T00:00:10.000Z" outcome="Passed" testListId="11111111-1111-1111-1111-111111111111"><Output><StdOut>TestCase_98 output: Successful run.</StdOut></Output></UnitTestResult>
    <UnitTestResult executionId="00000000-0000-0000-0000-000000000099" testId="00000000-0000-0000-0000-000000000099" testName="TestCase_99" computerName="localhost" duration="00:00:10.000" startTime="2025-03-12T00:00:00.000Z" endTime="2025-03-12T00:00:10.000Z" outcome="Passed" testListId="11111111-1111-1111-1111-111111111111"><Output><StdOut>TestCase_99 output: Successful run.</StdOut></Output></UnitTestResult>
    <UnitTestResult executionId="00000000-0000-0000-0000-000000000100" testId="00000000-0000-0000-0000-000000000100" testName="TestCase_100" computerName="localhost" duration="00:00:10.000" startTime="2025-03-12T00:00:00.000Z" endTime="2025-03-12T00:00:10.000Z" outcome="Passed" testListId="11111111-1111-1111-1111-111111111111"><Output><StdOut>TestCase_100 output: Successful run.</StdOut></Output></UnitTestResult>
    <UnitTestResult executionId="00000000-0000-0000-0000-000000000101" testId="00000000-0000-0000-0000-000000000101" testName="TestCase_101" computerName="localhost" duration="00:00:10.000" startTime="2025-03-12T00:00:00.000Z" endTime="2025-03-12T00:00:10.000Z" outcome="Passed" testListId="11111111-1111-1111-1111-111111111111"><Output><StdOut>TestCase_101 output: Successful run.</StdOut></Output></UnitTestResult>
    <UnitTestResult executionId="00000000-0000-0000-0000-000000000102" testId="00000000-0000-0000-0000-000000000102" testName="TestCase_102" computerName="localhost" duration="00:00:10.000" startTime="2025-03-12T00:00:00.000Z" endTime="2025-03-12T00:00:10.000Z" outcome="Passed" testListId="11111111-1111-1111-1111-111111111111"><Output><StdOut>TestCase_102 output: Successful run.</StdOut></Output></UnitTestResult>
    <UnitTestResult executionId="00000000-0000-0000-0000-000000000103" testId="00000000-0000-0000-0000-000000000103" testName="TestCase_103" computerName="localhost" duration="00:00:10.000" startTime="2025-03-12T00:00:00.000Z" endTime="2025-03-12T00:00:10.000Z" outcome="Passed" testListId="11111111-1111-1111-1111-111111111111"><Output><StdOut>TestCase_103 output: Successful run.</StdOut></Output></UnitTestResult>
    <UnitTestResult executionId="00000000-0000-0000-0000-000000000104" testId="00000000-0000-0000-0000-000000000104" testName="TestCase_104" computerName="localhost" duration="00:00:10.000" startTime="2025-03-12T00:00:00.000Z" endTime="2025-03-12T00:00:10.000Z" outcome="Passed" testListId="11111111-1111-1111-1111-111111111111"><Output><StdOut>TestCase_104 output: Successful run.</StdOut></Output></UnitTestResult>
    <UnitTestResult executionId="00000000-0000-0000-0000-000000000105" testId="00000000-0000-0000-0000-000000000105" testName="TestCase_105" computerName="localhost" duration="00:00:10.000" startTime="2025-03-12T00:00:00.000Z" endTime="2025-03-12T00:00:10.000Z" outcome="Passed" testListId="11111111-1111-1111-1111-111111111111"><Output><StdOut>TestCase_105 output: Successful run.</StdOut></Output></UnitTestResult>
    <UnitTestResult executionId="00000000-0000-0000-0000-000000000106" testId="00000000-0000-0000-0000-000000000106" testName="TestCase_106" computerName="localhost" duration="00:00:10.000" startTime="2025-03-12T00:00:00.000Z" endTime="2025-03-12T00:00:10.000Z" outcome="Passed" testListId="11111111-1111-1111-1111-111111111111"><Output><StdOut>TestCase_106 output: Successful run.</StdOut></Output></UnitTestResult>
    <UnitTestResult executionId="00000000-0000-0000-0000-000000000107" testId="00000000-0000-0000-0000-000000000107" testName="TestCase_107" computerName="localhost" duration="00:00:10.000" startTime="2025-03-12T00:00:00.000Z" endTime="2025-03-12T00:00:10.000Z" outcome="Passed" testListId="11111111-1111-1111-1111-111111111111"><Output><StdOut>TestCase_107 output: Successful run.</StdOut></Output></UnitTestResult>
    <UnitTestResult executionId="00000000-0000-0000-0000-000000000108" testId="00000000-0000-0000-0000-000000000108" testName="TestCase_108" computerName="localhost" duration="00:00:10.000" startTime="2025-03-12T00:00:00.000Z" endTime="2025-03-12T00:00:10.000Z" outcome="Passed" testListId="11111111-1111-1111-1111-111111111111"><Output><StdOut>TestCase_108 output: Successful run.</StdOut></Output></UnitTestResult>
    <UnitTestResult executionId="00000000-0000-0000-0000-000000000109" testId="00000000-0000-0000-0000-000000000109" testName="TestCase_109" computerName="localhost" duration="00:00:10.000" startTime="2025-03-12T00:00:00.000Z" endTime="2025-03-12T00:00:10.000Z" outcome="Passed" testListId="11111111-1111-1111-1111-111111111111"><Output><StdOut>TestCase_109 output: Successful run.</StdOut></Output></UnitTestResult>
    <UnitTestResult executionId="00000000-0000-0000-0000-000000000110" testId="00000000-0000-0000-0000-000000000110" testName="TestCase_110" computerName="localhost" duration="00:00:10.000" startTime="2025-03-12T00:00:00.000Z" endTime="2025-03-12T00:00:10.000Z" outcome="Passed" testListId="11111111-1111-1111-1111-111111111111"><Output><StdOut>TestCase_110 output: Successful run.</StdOut></Output></UnitTestResult>
    <UnitTestResult executionId="00000000-0000-0000-0000-000000000111" testId="00000000-0000-0000-0000-000000000111" testName="TestCase_111" computerName="localhost" duration="00:00:10.000" startTime="2025-03-12T00:00:00.000Z" endTime="2025-03-12T00:00:10.000Z" outcome="Passed" testListId="11111111-1111-1111-1111-111111111111"><Output><StdOut>TestCase_111 output: Successful run.</StdOut></Output></UnitTestResult>
    <UnitTestResult executionId="00000000-0000-0000-0000-000000000112" testId="00000000-0000-0000-0000-000000000112" testName="TestCase_112" computerName="localhost" duration="00:00:10.000" startTime="2025-03-12T00:00:00.000Z" endTime="2025-03-12T00:00:10.000Z" outcome="Passed" testListId="11111111-1111-1111-1111-111111111111"><Output><StdOut>TestCase_112 output: Successful run.</StdOut></Output></UnitTestResult>
    <UnitTestResult executionId="00000000-0000-0000-0000-000000000113" testId="00000000-0000-0000-0000-000000000113" testName="TestCase_113" computerName="localhost" duration="00:00:10.000" startTime="2025-03-12T00:00:00.000Z" endTime="2025-03-12T00:00:10.000Z" outcome="Passed" testListId="11111111-1111-1111-1111-111111111111"><Output><StdOut>TestCase_113 output: Successful run.</StdOut></Output></UnitTestResult>
    <UnitTestResult executionId="00000000-0000-0000-0000-000000000114" testId="00000000-0000-0000-0000-000000000114" testName="TestCase_114" computerName="localhost" duration="00:00:10.000" startTime="2025-03-12T00:00:00.000Z" endTime="2025-03-12T00:00:10.000Z" outcome="Passed" testListId="11111111-1111-1111-1111-111111111111"><Output><StdOut>TestCase_114 output: Successful run.</StdOut></Output></UnitTestResult>
    <UnitTestResult executionId="00000000-0000-0000-0000-000000000115" testId="00000000-0000-0000-0000-000000000115" testName="TestCase_115" computerName="localhost" duration="00:00:10.000" startTime="2025-03-12T00:00:00.000Z" endTime="2025-03-12T00:00:10.000Z" outcome="Passed" testListId="11111111-1111-1111-1111-111111111111"><Output><StdOut>TestCase_115 output: Successful run.</StdOut></Output></UnitTestResult>
    <UnitTestResult executionId="00000000-0000-0000-0000-000000000116" testId="00000000-0000-0000-0000-000000000116" testName="TestCase_116" computerName="localhost" duration="00:00:10.000" startTime="2025-03-12T00:00:00.000Z" endTime="2025-03-12T00:00:10.000Z" outcome="Passed" testListId="11111111-1111-1111-1111-111111111111"><Output><StdOut>TestCase_116 output: Successful run.</StdOut></Output></UnitTestResult>
    <UnitTestResult executionId="00000000-0000-0000-0000-000000000117" testId="00000000-0000-0000-0000-000000000117" testName="TestCase_117" computerName="localhost" duration="00:00:10.000" startTime="2025-03-12T00:00:00.000Z" endTime="2025-03-12T00:00:10.000Z" outcome="Passed" testListId="11111111-1111-1111-1111-111111111111"><Output><StdOut>TestCase_117 output: Successful run.</StdOut></Output></UnitTestResult>
    <UnitTestResult executionId="00000000-0000-0000-0000-000000000118" testId="00000000-0000-0000-0000-000000000118" testName="TestCase_118" computerName="localhost" duration="00:00:10.000" startTime="2025-03-12T00:00:00.000Z" endTime="2025-03-12T00:00:10.000Z" outcome="Passed" testListId="11111111-1111-1111-1111-111111111111"><Output><StdOut>TestCase_118 output: Successful run.</StdOut></Output></UnitTestResult>
    <UnitTestResult executionId="00000000-0000-0000-0000-000000000119" testId="00000000-0000-0000-0000-000000000119" testName="TestCase_119" computerName="localhost" duration="00:00:10.000" startTime="2025-03-12T00:00:00.000Z" endTime="2025-03-12T00:00:10.000Z" outcome="Passed" testListId="11111111-1111-1111-1111-111111111111"><Output><StdOut>TestCase_119 output: Successful run.</StdOut></Output></UnitTestResult>
    <UnitTestResult executionId="00000000-0000-0000-0000-000000000120" testId="00000000-0000-0000-0000-000000000120" testName="TestCase_120" computerName="localhost" duration="00:00:10.000" startTime="2025-03-12T00:00:00.000Z" endTime="2025-03-12T00:00:10.000Z" outcome="Passed" testListId="11111111-1111-1111-1111-111111111111"><Output><StdOut>TestCase_120 output: Successful run.</StdOut></Output></UnitTestResult>
    <UnitTestResult executionId="00000000-0000-0000-0000-000000000121" testId="00000000-0000-0000-0000-000000000121" testName="TestCase_121" computerName="localhost" duration="00:00:10.000" startTime="2025-03-12T00:00:00.000Z" endTime="2025-03-12T00:00:10.000Z" outcome="Passed" testListId="11111111-1111-1111-1111-111111111111"><Output><StdOut>TestCase_121 output: Successful run.</StdOut></Output></UnitTestResult>
    <UnitTestResult executionId="00000000-0000-0000-0000-000000000122" testId="00000000-0000-0000-0000-000000000122" testName="TestCase_122" computerName="localhost" duration="00:00:10.000" startTime="2025-03-12T00:00:00.000Z" endTime="2025-03-12T00:00:10.000Z" outcome="Passed" testListId="11111111-1111-1111-1111-111111111111"><Output><StdOut>TestCase_122 output: Successful run.</StdOut></Output></UnitTestResult>
    <UnitTestResult executionId="00000000-0000-0000-0000-000000000123" testId="00000000-0000-0000-0000-000000000123" testName="TestCase_123" computerName="localhost" duration="00:00:10.000" startTime="2025-03-12T00:00:00.000Z" endTime="2025-03-12T00:00:10.000Z" outcome="Passed" testListId="11111111-1111-1111-1111-111111111111"><Output><StdOut>TestCase_123 output: Successful run.</StdOut></Output></UnitTestResult>
    <UnitTestResult executionId="00000000-0000-0000-0000-000000000124" testId="00000000-0000-0000-0000-000000000124" testName="TestCase_124" computerName="localhost" duration="00:00:10.000" startTime="2025-03-12T00:00:00.000Z" endTime="2025-03-12T00:00:10.000Z" outcome="Passed" testListId="11111111-1111-1111-1111-111111111111"><Output><StdOut>TestCase_124 output: Successful run.</StdOut></Output></UnitTestResult>
    <UnitTestResult executionId="00000000-0000-0000-0000-000000000125" testId="00000000-0000-0000-0000-000000000125" testName="TestCase_125" computerName="localhost" duration="00:00:10.000" startTime="2025-03-12T00:00:00.000Z" endTime="2025-03-12T00:00:10.000Z" outcome="Passed" testListId="11111111-1111-1111-1111-111111111111"><Output><StdOut>TestCase_125 output: Successful run.</StdOut></Output></UnitTestResult>
    <UnitTestResult executionId="00000000-0000-0000-0000-000000000126" testId="00000000-0000-0000-0000-000000000126" testName="TestCase_126" computerName="localhost" duration="00:00:10.000" startTime="2025-03-12T00:00:00.000Z" endTime="2025-03-12T00:00:10.000Z" outcome="Passed" testListId="11111111-1111-1111-1111-111111111111"><Output><StdOut>TestCase_126 output: Successful run.</StdOut></Output></UnitTestResult>
    <UnitTestResult executionId="00000000-0000-0000-0000-000000000127" testId="00000000-0000-0000-0000-000000000127" testName="TestCase_127" computerName="localhost" duration="00:00:10.000" startTime="2025-03-12T00:00:00.000Z" endTime="2025-03-12T00:00:10.000Z" outcome="Passed" testListId="11111111-1111-1111-1111-111111111111"><Output><StdOut>TestCase_127 output: Successful run.</StdOut></Output></UnitTestResult>
    <UnitTestResult executionId="00000000-0000-0000-0000-000000000128" testId="00000000-0000-0000-0000-000000000128" testName="TestCase_128" computerName="localhost" duration="00:00:10.000" startTime="2025-03-12T00:00:00.000Z" endTime="2025-03-12T00:00:10.000Z" outcome="Passed" testListId="11111111-1111-1111-1111-111111111111"><Output><StdOut>TestCase_128 output: Successful run.</StdOut></Output></UnitTestResult>
    <UnitTestResult executionId="00000000-0000-0000-0000-000000000129" testId="00000000-0000-0000-0000-000000000129" testName="TestCase_129" computerName="localhost" duration="00:00:10.000" startTime="2025-03-12T00:00:00.000Z" endTime="2025-03-12T00:00:10.000Z" outcome="Passed" testListId="11111111-1111-1111-1111-111111111111"><Output><StdOut>TestCase_129 output: Successful run.</StdOut></Output></UnitTestResult>
    <UnitTestResult executionId="00000000-0000-0000-0000-000000000130" testId="00000000-0000-0000-0000-000000000130" testName="TestCase_130" computerName="localhost" duration="00:00:10.000" startTime="2025-03-12T00:00:00.000Z" endTime="2025-03-12T00:00:10.000Z" outcome="Passed" testListId="11111111-1111-1111-1111-111111111111"><Output><StdOut>TestCase_130 output: Successful run.</StdOut></Output></UnitTestResult>
    <UnitTestResult executionId="00000000-0000-0000-0000-000000000131" testId="00000000-0000-0000-0000-000000000131" testName="TestCase_131" computerName="localhost" duration="00:00:10.000" startTime="2025-03-12T00:00:00.000Z" endTime="2025-03-12T00:00:10.000Z" outcome="Passed" testListId="11111111-1111-1111-1111-111111111111"><Output><StdOut>TestCase_131 output: Successful run.</StdOut></Output></UnitTestResult>
    <UnitTestResult executionId="00000000-0000-0000-0000-000000000132" testId="00000000-0000-0000-0000-000000000132" testName="TestCase_132" computerName="localhost" duration="00:00:10.000" startTime="2025-03-12T00:00:00.000Z" endTime="2025-03-12T00:00:10.000Z" outcome="Passed" testListId="11111111-1111-1111-1111-111111111111"><Output><StdOut>TestCase_132 output: Successful run.</StdOut></Output></UnitTestResult>
    <UnitTestResult executionId="00000000-0000-0000-0000-000000000133" testId="00000000-0000-0000-0000-000000000133" testName="TestCase_133" computerName="localhost" duration="00:00:10.000" startTime="2025-03-12T00:00:00.000Z" endTime="2025-03-12T00:00:10.000Z" outcome="Passed" testListId="11111111-1111-1111-1111-111111111111"><Output><StdOut>TestCase_133 output: Successful run.</StdOut></Output></UnitTestResult>
    <UnitTestResult executionId="00000000-0000-0000-0000-000000000134" testId="00000000-0000-0000-0000-000000000134" testName="TestCase_134" computerName="localhost" duration="00:00:10.000" startTime="2025-03-12T00:00:00.000Z" endTime="2025-03-12T00:00:10.000Z" outcome="Passed" testListId="11111111-1111-1111-1111-111111111111"><Output><StdOut>TestCase_134 output: Successful run.</StdOut></Output></UnitTestResult>
    <UnitTestResult executionId="00000000-0000-0000-0000-000000000135" testId="00000000-0000-0000-0000-000000000135" testName="TestCase_135" computerName="localhost" duration="00:00:10.000" startTime="2025-03-12T00:00:00.000Z" endTime="2025-03-12T00:00:10.000Z" outcome="Passed" testListId="11111111-1111-1111-1111-111111111111"><Output><StdOut>TestCase_135 output: Successful run.</StdOut></Output></UnitTestResult>
    <UnitTestResult executionId="00000000-0000-0000-0000-000000000136" testId="00000000-0000-0000-0000-000000000136" testName="TestCase_136" computerName="localhost" duration="00:00:10.000" startTime="2025-03-12T00:00:00.000Z" endTime="2025-03-12T00:00:10.000Z" outcome="Passed" testListId="11111111-1111-1111-1111-111111111111"><Output><StdOut>TestCase_136 output: Successful run.</StdOut></Output></UnitTestResult>
    <UnitTestResult executionId="00000000-0000-0000-0000-000000000137" testId="00000000-0000-0000-0000-000000000137" testName="TestCase_137" computerName="localhost" duration="00:00:10.000" startTime="2025-03-12T00:00:00.000Z" endTime="2025-03-12T00:00:10.000Z" outcome="Passed" testListId="11111111-1111-1111-1111-111111111111"><Output><StdOut>TestCase_137 output: Successful run.</StdOut></Output></UnitTestResult>
    <UnitTestResult executionId="00000000-0000-0000-0000-000000000138" testId="00000000-0000-0000-0000-000000000138" testName="TestCase_138" computerName="localhost" duration="00:00:10.000" startTime="2025-03-12T00:00:00.000Z" endTime="2025-03-12T00:00:10.000Z" outcome="Passed" testListId="11111111-1111-1111-1111-111111111111"><Output><StdOut>TestCase_138 output: Successful run.</StdOut></Output></UnitTestResult>
    <UnitTestResult executionId="00000000-0000-0000-0000-000000000139" testId="00000000-0000-0000-0000-000000000139" testName="TestCase_139" computerName="localhost" duration="00:00:10.000" startTime="2025-03-12T00:00:00.000Z" endTime="2025-03-12T00:00:10.000Z" outcome="Passed" testListId="11111111-1111-1111-1111-111111111111"><Output><StdOut>TestCase_139 output: Successful run.</StdOut></Output></UnitTestResult>
    <UnitTestResult executionId="00000000-0000-0000-0000-000000000140" testId="00000000-0000-0000-0000-000000000140" testName="TestCase_140" computerName="localhost" duration="00:00:10.000" startTime="2025-03-12T00:00:00.000Z" endTime="2025-03-12T00:00:10.000Z" outcome="Passed" testListId="11111111-1111-1111-1111-111111111111"><Output><StdOut>TestCase_140 output: Successful run.</StdOut></Output></UnitTestResult>
    <UnitTestResult executionId="00000000-0000-0000-0000-000000000141" testId="00000000-0000-0000-0000-000000000141" testName="TestCase_141" computerName="localhost" duration="00:00:10.000" startTime="2025-03-12T00:00:00.000Z" endTime="2025-03-12T00:00:10.000Z" outcome="Passed" testListId="11111111-1111-1111-1111-111111111111"><Output><StdOut>TestCase_141 output: Successful run.</StdOut></Output></UnitTestResult>
    <UnitTestResult executionId="00000000-0000-0000-0000-000000000142" testId="00000000-0000-0000-0000-000000000142" testName="TestCase_142" computerName="localhost" duration="00:00:10.000" startTime="2025-03-12T00:00:00.000Z" endTime="2025-03-12T00:00:10.000Z" outcome="Passed" testListId="11111111-1111-1111-1111-111111111111"><Output><StdOut>TestCase_142 output: Successful run.</StdOut></Output></UnitTestResult>
    <UnitTestResult executionId="00000000-0000-0000-0000-000000000143" testId="00000000-0000-0000-0000-000000000143" testName="TestCase_143" computerName="localhost" duration="00:00:10.000" startTime="2025-03-12T00:00:00.000Z" endTime="2025-03-12T00:00:10.000Z" outcome="Passed" testListId="11111111-1111-1111-1111-111111111111"><Output><StdOut>TestCase_143 output: Successful run.</StdOut></Output></UnitTestResult>
    <UnitTestResult executionId="00000000-0000-0000-0000-000000000144" testId="00000000-0000-0000-0000-000000000144" testName="TestCase_144" computerName="localhost" duration="00:00:10.000" startTime="2025-03-12T00:00:00.000Z" endTime="2025-03-12T00:00:10.000Z" outcome="Passed" testListId="11111111-1111-1111-1111-111111111111"><Output><StdOut>TestCase_144 output: Successful run.</StdOut></Output></UnitTestResult>
    <UnitTestResult executionId="00000000-0000-0000-0000-000000000145" testId="00000000-0000-0000-0000-000000000145" testName="TestCase_145" computerName="localhost" duration="00:00:10.000" startTime="2025-03-12T00:00:00.000Z" endTime="2025-03-12T00:00:10.000Z" outcome="Passed" testListId="11111111-1111-1111-1111-111111111111"><Output><StdOut>TestCase_145 output: Successful run.</StdOut></Output></UnitTestResult>
    <UnitTestResult executionId="00000000-0000-0000-0000-000000000146" testId="00000000-0000-0000-0000-000000000146" testName="TestCase_146" computerName="localhost" duration="00:00:10.000" startTime="2025-03-12T00:00:00.000Z" endTime="2025-03-12T00:00:10.000Z" outcome="Passed" testListId="11111111-1111-1111-1111-111111111111"><Output><StdOut>TestCase_146 output: Successful run.</StdOut></Output></UnitTestResult>
    <UnitTestResult executionId="00000000-0000-0000-0000-000000000147" testId="00000000-0000-0000-0000-000000000147" testName="TestCase_147" computerName="localhost" duration="00:00:10.000" startTime="2025-03-12T00:00:00.000Z" endTime="2025-03-12T00:00:10.000Z" outcome="Passed" testListId="11111111-1111-1111-1111-111111111111"><Output><StdOut>TestCase_147 output: Successful run.</StdOut></Output></UnitTestResult>
    <UnitTestResult executionId="00000000-0000-0000-0000-000000000148" testId="00000000-0000-0000-0000-000000000148" testName="TestCase_148" computerName="localhost" duration="00:00:10.000" startTime="2025-03-12T00:00:00.000Z" endTime="2025-03-12T00:00:10.000Z" outcome="Passed" testListId="11111111-1111-1111-1111-111111111111"><Output><StdOut>TestCase_148 output: Successful run.</StdOut></Output></UnitTestResult>
    <UnitTestResult executionId="00000000-0000-0000-0000-000000000149" testId="00000000-0000-0000-0000-000000000149" testName="TestCase_149" computerName="localhost" duration="00:00:10.000" startTime="2025-03-12T00:00:00.000Z" endTime="2025-03-12T00:00:10.000Z" outcome="Passed" testListId="11111111-1111-1111-1111-111111111111"><Output><StdOut>TestCase_149 output: Successful run.</StdOut></Output></UnitTestResult>
    <UnitTestResult executionId="00000000-0000-0000-0000-000000000150" testId="00000000-0000-0000-0000-000000000150" testName="TestCase_150" computerName="localhost" duration="00:00:10.000" startTime="2025-03-12T00:00:00.000Z" endTime="2025-03-12T00:00:10.000Z" outcome="Passed" testListId="11111111-1111-1111-1111-111111111111"><Output><StdOut>TestCase_150 output: Successful run.</StdOut></Output></UnitTestResult>
    <UnitTestResult executionId="00000000-0000-0000-0000-000000000151" testId="00000000-0000-0000-0000-000000000151" testName="TestCase_151" computerName="localhost" duration="00:00:10.000" startTime="2025-03-12T00:00:00.000Z" endTime="2025-03-12T00:00:10.000Z" outcome="Passed" testListId="11111111-1111-1111-1111-111111111111"><Output><StdOut>TestCase_151 output: Successful run.</StdOut></Output></UnitTestResult>
    <UnitTestResult executionId="00000000-0000-0000-0000-000000000152" testId="00000000-0000-0000-0000-000000000152" testName="TestCase_152" computerName="localhost" duration="00:00:10.000" startTime="2025-03-12T00:00:00.000Z" endTime="2025-03-12T00:00:10.000Z" outcome="Passed" testListId="11111111-1111-1111-1111-111111111111"><Output><StdOut>TestCase_152 output: Successful run.</StdOut></Output></UnitTestResult>
    <UnitTestResult executionId="00000000-0000-0000-0000-000000000153" testId="00000000-0000-0000-0000-000000000153" testName="TestCase_153" computerName="localhost" duration="00:00:10.000" startTime="2025-03-12T00:00:00.000Z" endTime="2025-03-12T00:00:10.000Z" outcome="Passed" testListId="11111111-1111-1111-1111-111111111111"><Output><StdOut>TestCase_153 output: Successful run.</StdOut></Output></UnitTestResult>
    <UnitTestResult executionId="00000000-0000-0000-0000-000000000154" testId="00000000-0000-0000-0000-000000000154" testName="TestCase_154" computerName="localhost" duration="00:00:10.000" startTime="2025-03-12T00:00:00.000Z" endTime="2025-03-12T00:00:10.000Z" outcome="Passed" testListId="11111111-1111-1111-1111-111111111111"><Output><StdOut>TestCase_154 output: Successful run.</StdOut></Output></UnitTestResult>
    <UnitTestResult executionId="00000000-0000-0000-0000-000000000155" testId="00000000-0000-0000-0000-000000000155" testName="TestCase_155" computerName="localhost" duration="00:00:10.000" startTime="2025-03-12T00:00:00.000Z" endTime="2025-03-12T00:00:10.000Z" outcome="Passed" testListId="11111111-1111-1111-1111-111111111111"><Output><StdOut>TestCase_155 output: Successful run.</StdOut></Output></UnitTestResult>
    <UnitTestResult executionId="00000000-0000-0000-0000-000000000156" testId="00000000-0000-0000-0000-000000000156" testName="TestCase_156" computerName="localhost" duration="00:00:10.000" startTime="2025-03-12T00:00:00.000Z" endTime="2025-03-12T00:00:10.000Z" outcome="Passed" testListId="11111111-1111-1111-1111-111111111111"><Output><StdOut>TestCase_156 output: Successful run.</StdOut></Output></UnitTestResult>
    <UnitTestResult executionId="00000000-0000-0000-0000-000000000157" testId="00000000-0000-0000-0000-000000000157" testName="TestCase_157" computerName="localhost" duration="00:00:10.000" startTime="2025-03-12T00:00:00.000Z" endTime="2025-03-12T00:00:10.000Z" outcome="Passed" testListId="11111111-1111-1111-1111-111111111111"><Output><StdOut>TestCase_157 output: Successful run.</StdOut></Output></UnitTestResult>
    <UnitTestResult executionId="00000000-0000-0000-0000-000000000158" testId="00000000-0000-0000-0000-000000000158" testName="TestCase_158" computerName="localhost" duration="00:00:10.000" startTime="2025-03-12T00:00:00.000Z" endTime="2025-03-12T00:00:10.000Z" outcome="Passed" testListId="11111111-1111-1111-1111-111111111111"><Output><StdOut>TestCase_158 output: Successful run.</StdOut></Output></UnitTestResult>
    <UnitTestResult executionId="00000000-0000-0000-0000-000000000159" testId="00000000-0000-0000-0000-000000000159" testName="TestCase_159" computerName="localhost" duration="00:00:10.000" startTime="2025-03-12T00:00:00.000Z" endTime="2025-03-12T00:00:10.000Z" outcome="Passed" testListId="11111111-1111-1111-1111-111111111111"><Output><StdOut>TestCase_159 output: Successful run.</StdOut></Output></UnitTestResult>
    <UnitTestResult executionId="00000000-0000-0000-0000-000000000160" testId="00000000-0000-0000-0000-000000000160" testName="TestCase_160" computerName="localhost" duration="00:00:10.000" startTime="2025-03-12T00:00:00.000Z" endTime="2025-03-12T00:00:10.000Z" outcome="Passed" testListId="11111111-1111-1111-1111-111111111111"><Output><StdOut>TestCase_160 output: Successful run.</StdOut></Output></UnitTestResult>
    <UnitTestResult executionId="00000000-0000-0000-0000-000000000161" testId="00000000-0000-0000-0000-000000000161" testName="TestCase_161" computerName="localhost" duration="00:00:10.000" startTime="2025-03-12T00:00:00.000Z" endTime="2025-03-12T00:00:10.000Z" outcome="Passed" testListId="11111111-1111-1111-1111-111111111111"><Output><StdOut>TestCase_161 output: Successful run.</StdOut></Output></UnitTestResult>
    <UnitTestResult executionId="00000000-0000-0000-0000-000000000162" testId="00000000-0000-0000-0000-000000000162" testName="TestCase_162" computerName="localhost" duration="00:00:10.000" startTime="2025-03-12T00:00:00.000Z" endTime="2025-03-12T00:00:10.000Z" outcome="Passed" testListId="11111111-1111-1111-1111-111111111111"><Output><StdOut>TestCase_162 output: Successful run.</StdOut></Output></UnitTestResult>
    <UnitTestResult executionId="00000000-0000-0000-0000-000000000163" testId="00000000-0000-0000-0000-000000000163" testName="TestCase_163" computerName="localhost" duration="00:00:10.000" startTime="2025-03-12T00:00:00.000Z" endTime="2025-03-12T00:00:10.000Z" outcome="Passed" testListId="11111111-1111-1111-1111-111111111111"><Output><StdOut>TestCase_163 output: Successful run.</StdOut></Output></UnitTestResult>
    <UnitTestResult executionId="00000000-0000-0000-0000-000000000164" testId="00000000-0000-0000-0000-000000000164" testName="TestCase_164" computerName="localhost" duration="00:00:10.000" startTime="2025-03-12T00:00:00.000Z" endTime="2025-03-12T00:00:10.000Z" outcome="Passed" testListId="11111111-1111-1111-1111-111111111111"><Output><StdOut>TestCase_164 output: Successful run.</StdOut></Output></UnitTestResult>
    <UnitTestResult executionId="00000000-0000-0000-0000-000000000165" testId="00000000-0000-0000-0000-000000000165" testName="TestCase_165" computerName="localhost" duration="00:00:10.000" startTime="2025-03-12T00:00:00.000Z" endTime="2025-03-12T00:00:10.000Z" outcome="Passed" testListId="11111111-1111-1111-1111-111111111111"><Output><StdOut>TestCase_165 output: Successful run.</StdOut></Output></UnitTestResult>
    <UnitTestResult executionId="00000000-0000-0000-0000-000000000166" testId="00000000-0000-0000-0000-000000000166" testName="TestCase_166" computerName="localhost" duration="00:00:10.000" startTime="2025-03-12T00:00:00.000Z" endTime="2025-03-12T00:00:10.000Z" outcome="Passed" testListId="11111111-1111-1111-1111-111111111111"><Output><StdOut>TestCase_166 output: Successful run.</StdOut></Output></UnitTestResult>
    <UnitTestResult executionId="00000000-0000-0000-0000-000000000167" testId="00000000-0000-0000-0000-000000000167" testName="TestCase_167" computerName="localhost" duration="00:00:10.000" startTime="2025-03-12T00:00:00.000Z" endTime="2025-03-12T00:00:10.000Z" outcome="Passed" testListId="11111111-1111-1111-1111-111111111111"><Output><StdOut>TestCase_167 output: Successful run.</StdOut></Output></UnitTestResult>
    <UnitTestResult executionId="00000000-0000-0000-0000-000000000168" testId="00000000-0000-0000-0000-000000000168" testName="TestCase_168" computerName="localhost" duration="00:00:10.000" startTime="2025-03-12T00:00:00.000Z" endTime="2025-03-12T00:00:10.000Z" outcome="Passed" testListId="11111111-1111-1111-1111-111111111111"><Output><StdOut>TestCase_168 output: Successful run.</StdOut></Output></UnitTestResult>
    <UnitTestResult executionId="00000000-0000-0000-0000-000000000169" testId="00000000-0000-0000-0000-000000000169" testName="TestCase_169" computerName="localhost" duration="00:00:10.000" startTime="2025-03-12T00:00:00.000Z" endTime="2025-03-12T00:00:10.000Z" outcome="Passed" testListId="11111111-1111-1111-1111-111111111111"><Output><StdOut>TestCase_169 output: Successful run.</StdOut></Output></UnitTestResult>
    <UnitTestResult executionId="00000000-0000-0000-0000-000000000170" testId="00000000-0000-0000-0000-000000000170" testName="TestCase_170" computerName="localhost" duration="00:00:10.000" startTime="2025-03-12T00:00:00.000Z" endTime="2025-03-12T00:00:10.000Z" outcome="Passed" testListId="11111111-1111-1111-1111-111111111111"><Output><StdOut>TestCase_170 output: Successful run.</StdOut></Output></UnitTestResult>
    <UnitTestResult executionId="00000000-0000-0000-0000-000000000171" testId="00000000-0000-0000-0000-000000000171" testName="TestCase_171" computerName="localhost" duration="00:00:10.000" startTime="2025-03-12T00:00:00.000Z" endTime="2025-03-12T00:00:10.000Z" outcome="Passed" testListId="11111111-1111-1111-1111-111111111111"><Output><StdOut>TestCase_171 output: Successful run.</StdOut></Output></UnitTestResult>
    <UnitTestResult executionId="00000000-0000-0000-0000-000000000172" testId="00000000-0000-0000-0000-000000000172" testName="TestCase_172" computerName="localhost" duration="00:00:10.000" startTime="2025-03-12T00:00:00.000Z" endTime="2025-03-12T00:00:10.000Z" outcome="Passed" testListId="11111111-1111-1111-1111-111111111111"><Output><StdOut>TestCase_172 output: Successful run.</StdOut></Output></UnitTestResult>
    <UnitTestResult executionId="00000000-0000-0000-0000-000000000173" testId="00000000-0000-0000-0000-000000000173" testName="TestCase_173" computerName="localhost" duration="00:00:10.000" startTime="2025-03-12T00:00:00.000Z" endTime="2025-03-12T00:00:10.000Z" outcome="Passed" testListId="11111111-1111-1111-1111-111111111111"><Output><StdOut>TestCase_173 output: Successful run.</StdOut></Output></UnitTestResult>
    <UnitTestResult executionId="00000000-0000-0000-0000-000000000174" testId="00000000-0000-0000-0000-000000000174" testName="TestCase_174" computerName="localhost" duration="00:00:10.000" startTime="2025-03-12T00:00:00.000Z" endTime="2025-03-12T00:00:10.000Z" outcome="Passed" testListId="11111111-1111-1111-1111-111111111111"><Output><StdOut>TestCase_174 output: Successful run.</StdOut></Output></UnitTestResult>
    <UnitTestResult executionId="00000000-0000-0000-0000-000000000175" testId="00000000-0000-0000-0000-000000000175" testName="TestCase_175" computerName="localhost" duration="00:00:10.000" startTime="2025-03-12T00:00:00.000Z" endTime="2025-03-12T00:00:10.000Z" outcome="Passed" testListId="11111111-1111-1111-1111-111111111111"><Output><StdOut>TestCase_175 output: Successful run.</StdOut></Output></UnitTestResult>
    <UnitTestResult executionId="00000000-0000-0000-0000-000000000176" testId="00000000-0000-0000-0000-000000000176" testName="TestCase_176" computerName="localhost" duration="00:00:10.000" startTime="2025-03-12T00:00:00.000Z" endTime="2025-03-12T00:00:10.000Z" outcome="Passed" testListId="11111111-1111-1111-1111-111111111111"><Output><StdOut>TestCase_176 output: Successful run.</StdOut></Output></UnitTestResult>
    <UnitTestResult executionId="00000000-0000-0000-0000-000000000177" testId="00000000-0000-0000-0000-000000000177" testName="TestCase_177" computerName="localhost" duration="00:00:10.000" startTime="2025-03-12T00:00:00.000Z" endTime="2025-03-12T00:00:10.000Z" outcome="Passed" testListId="11111111-1111-1111-1111-111111111111"><Output><StdOut>TestCase_177 output: Successful run.</StdOut></Output></UnitTestResult>
    <UnitTestResult executionId="00000000-0000-0000-0000-000000000178" testId="00000000-0000-0000-0000-000000000178" testName="TestCase_178" computerName="localhost" duration="00:00:10.000" startTime="2025-03-12T00:00:00.000Z" endTime="2025-03-12T00:00:10.000Z" outcome="Passed" testListId="11111111-1111-1111-1111-111111111111"><Output><StdOut>TestCase_178 output: Successful run.</StdOut></Output></UnitTestResult>
    <UnitTestResult executionId="00000000-0000-0000-0000-000000000179" testId="00000000-0000-0000-0000-000000000179" testName="TestCase_179" computerName="localhost" duration="00:00:10.000" startTime="2025-03-12T00:00:00.000Z" endTime="2025-03-12T00:00:10.000Z" outcome="Passed" testListId="11111111-1111-1111-1111-111111111111"><Output><StdOut>TestCase_179 output: Successful run.</StdOut></Output></UnitTestResult>
    <UnitTestResult executionId="00000000-0000-0000-0000-000000000180" testId="00000000-0000-0000-0000-000000000180" testName="TestCase_180" computerName="localhost" duration="00:00:10.000" startTime="2025-03-12T00:00:00.000Z" endTime="2025-03-12T00:00:10.000Z" outcome="Passed" testListId="11111111-1111-1111-1111-111111111111"><Output><StdOut>TestCase_180 output: Successful run.</StdOut></Output></UnitTestResult>
    <UnitTestResult executionId="00000000-0000-0000-0000-000000000181" testId="00000000-0000-0000-0000-000000000181" testName="TestCase_181" computerName="localhost" duration="00:00:10.000" startTime="2025-03-12T00:00:00.000Z" endTime="2025-03-12T00:00:10.000Z" outcome="Passed" testListId="11111111-1111-1111-1111-111111111111"><Output><StdOut>TestCase_181 output: Successful run.</StdOut></Output></UnitTestResult>
    <UnitTestResult executionId="00000000-0000-0000-0000-000000000182" testId="00000000-0000-0000-0000-000000000182" testName="TestCase_182" computerName="localhost" duration="00:00:10.000" startTime="2025-03-12T00:00:00.000Z" endTime="2025-03-12T00:00:10.000Z" outcome="Passed" testListId="11111111-1111-1111-1111-111111111111"><Output><StdOut>TestCase_182 output: Successful run.</StdOut></Output></UnitTestResult>
    <UnitTestResult executionId="00000000-0000-0000-0000-000000000183" testId="00000000-0000-0000-0000-000000000183" testName="TestCase_183" computerName="localhost" duration="00:00:10.000" startTime="2025-03-12T00:00:00.000Z" endTime="2025-03-12T00:00:10.000Z" outcome="Passed" testListId="11111111-1111-1111-1111-111111111111"><Output><StdOut>TestCase_183 output: Successful run.</StdOut></Output></UnitTestResult>
    <UnitTestResult executionId="00000000-0000-0000-0000-000000000184" testId="00000000-0000-0000-0000-000000000184" testName="TestCase_184" computerName="localhost" duration="00:00:10.000" startTime="2025-03-12T00:00:00.000Z" endTime="2025-03-12T00:00:10.000Z" outcome="Passed" testListId="11111111-1111-1111-1111-111111111111"><Output><StdOut>TestCase_184 output: Successful run.</StdOut></Output></UnitTestResult>
    <UnitTestResult executionId="00000000-0000-0000-0000-000000000185" testId="00000000-0000-0000-0000-000000000185" testName="TestCase_185" computerName="localhost" duration="00:00:10.000" startTime="2025-03-12T00:00:00.000Z" endTime="2025-03-12T00:00:10.000Z" outcome="Passed" testListId="11111111-1111-1111-1111-111111111111"><Output><StdOut>TestCase_185 output: Successful run.</StdOut></Output></UnitTestResult>
    <UnitTestResult executionId="00000000-0000-0000-0000-000000000186" testId="00000000-0000-0000-0000-000000000186" testName="TestCase_186" computerName="localhost" duration="00:00:10.000" startTime="2025-03-12T00:00:00.000Z" endTime="2025-03-12T00:00:10.000Z" outcome="Passed" testListId="11111111-1111-1111-1111-111111111111"><Output><StdOut>TestCase_186 output: Successful run.</StdOut></Output></UnitTestResult>
    <UnitTestResult executionId="00000000-0000-0000-0000-000000000187" testId="00000000-0000-0000-0000-000000000187" testName="TestCase_187" computerName="localhost" duration="00:00:10.000" startTime="2025-03-12T00:00:00.000Z" endTime="2025-03-12T00:00:10.000Z" outcome="Passed" testListId="11111111-1111-1111-1111-111111111111"><Output><StdOut>TestCase_187 output: Successful run.</StdOut></Output></UnitTestResult>
    <UnitTestResult executionId="00000000-0000-0000-0000-000000000188" testId="00000000-0000-0000-0000-000000000188" testName="TestCase_188" computerName="localhost" duration="00:00:10.000" startTime="2025-03-12T00:00:00.000Z" endTime="2025-03-12T00:00:10.000Z" outcome="Passed" testListId="11111111-1111-1111-1111-111111111111"><Output><StdOut>TestCase_188 output: Successful run.</StdOut></Output></UnitTestResult>
    <UnitTestResult executionId="00000000-0000-0000-0000-000000000189" testId="00000000-0000-0000-0000-000000000189" testName="TestCase_189" computerName="localhost" duration="00:00:10.000" startTime="2025-03-12T00:00:00.000Z" endTime="2025-03-12T00:00:10.000Z" outcome="Passed" testListId="11111111-1111-1111-1111-111111111111"><Output><StdOut>TestCase_189 output: Successful run.</StdOut></Output></UnitTestResult>
    <UnitTestResult executionId="00000000-0000-0000-0000-000000000190" testId="00000000-0000-0000-0000-000000000190" testName="TestCase_190" computerName="localhost" duration="00:00:10.000" startTime="2025-03-12T00:00:00.000Z" endTime="2025-03-12T00:00:10.000Z" outcome="Passed" testListId="11111111-1111-1111-1111-111111111111"><Output><StdOut>TestCase_190 output: Successful run.</StdOut></Output></UnitTestResult>
[...]
    <UnitTest name="TestCase_596" id="00000000-0000-0000-0000-000000000596"><Execution id="00000000-0000-0000-0000-000000000596" /><TestMethod codeBase="Dummy.dll" adapterTypeName="MSTestAdapter" className="DummyTests" name="TestCase_596" /></UnitTest>
    <UnitTest name="TestCase_597" id="00000000-0000-0000-0000-000000000597"><Execution id="00000000-0000-0000-0000-000000000597" /><TestMethod codeBase="Dummy.dll" adapterTypeName="MSTestAdapter" className="DummyTests" name="TestCase_597" /></UnitTest>
    <UnitTest name="TestCase_598" id="00000000-0000-0000-0000-000000000598"><Execution id="00000000-0000-0000-0000-000000000598" /><TestMethod codeBase="Dummy.dll" adapterTypeName="MSTestAdapter" className="DummyTests" name="TestCase_598" /></UnitTest>
    <UnitTest name="TestCase_599" id="00000000-0000-0000-0000-000000000599"><Execution id="00000000-0000-0000-0000-000000000599" /><TestMethod codeBase="Dummy.dll" adapterTypeName="MSTestAdapter" className="DummyTests" name="TestCase_599" /></UnitTest>
    <UnitTest name="TestCase_600" id="00000000-0000-0000-0000-000000000600"><Execution id="00000000-0000-0000-0000-000000000600" /><TestMethod codeBase="Dummy.dll" adapterTypeName="MSTestAdapter" className="DummyTests" name="TestCase_600" /></UnitTest>
    <UnitTest name="TestCase_601" id="00000000-0000-0000-0000-000000000601"><Execution id="00000000-0000-0000-0000-000000000601" /><TestMethod codeBase="Dummy.dll" adapterTypeName="MSTestAdapter" className="DummyTests" name="TestCase_601" /></UnitTest>
    <UnitTest name="TestCase_602" id="00000000-0000-0000-0000-000000000602"><Execution id="00000000-0000-0000-0000-000000000602" /><TestMethod codeBase="Dummy.dll" adapterTypeName="MSTestAdapter" className="DummyTests" name="TestCase_602" /></UnitTest>
    <UnitTest name="TestCase_603" id="00000000-0000-0000-0000-000000000603"><Execution id="00000000-0000-0000-0000-000000000603" /><TestMethod codeBase="Dummy.dll" adapterTypeName="MSTestAdapter" className="DummyTests" name="TestCase_603" /></UnitTest>
    <UnitTest name="TestCase_604" id="00000000-0000-0000-0000-000000000604"><Execution id="00000000-0000-0000-0000-000000000604" /><TestMethod codeBase="Dummy.dll" adapterTypeName="MSTestAdapter" className="DummyTests" name="TestCase_604" /></UnitTest>
    <UnitTest name="TestCase_605" id="00000000-0000-0000-0000-000000000605"><Execution id="00000000-0000-0000-0000-000000000605" /><TestMethod codeBase="Dummy.dll" adapterTypeName="MSTestAdapter" className="DummyTests" name="TestCase_605" /></UnitTest>
    <UnitTest name="TestCase_606" id="00000000-0000-0000-0000-000000000606"><Execution id="00000000-0000-0000-0000-000000000606" /><TestMethod codeBase="Dummy.dll" adapterTypeName="MSTestAdapter" className="DummyTests" name="TestCase_606" /></UnitTest>
    <UnitTest name="TestCase_607" id="00000000-0000-0000-0000-000000000607"><Execution id="00000000-0000-0000-0000-000000000607" /><TestMethod codeBase="Dummy.dll" adapterTypeName="MSTestAdapter" className="DummyTests" name="TestCase_607" /></UnitTest>
    <UnitTest name="TestCase_608" id="00000000-0000-0000-0000-000000000608"><Execution id="00000000-0000-0000-0000-000000000608" /><TestMethod codeBase="Dummy.dll" adapterTypeName="MSTestAdapter" className="DummyTests" name="TestCase_608" /></UnitTest>
    <UnitTest name="TestCase_609" id="00000000-0000-0000-0000-000000000609"><Execution id="00000000-0000-0000-0000-000000000609" /><TestMethod codeBase="Dummy.dll" adapterTypeName="MSTestAdapter" className="DummyTests" name="TestCase_609" /></UnitTest>
    <UnitTest name="TestCase_610" id="00000000-0000-0000-0000-000000000610"><Execution id="00000000-0000-0000-0000-000000000610" /><TestMethod codeBase="Dummy.dll" adapterTypeName="MSTestAdapter" className="DummyTests" name="TestCase_610" /></UnitTest>
    <UnitTest name="TestCase_611" id="00000000-0000-0000-0000-000000000611"><Execution id="00000000-0000-0000-0000-000000000611" /><TestMethod codeBase="Dummy.dll" adapterTypeName="MSTestAdapter" className="DummyTests" name="TestCase_611" /></UnitTest>
    <UnitTest name="TestCase_612" id="00000000-0000-0000-0000-000000000612"><Execution id="00000000-0000-0000-0000-000000000612" /><TestMethod codeBase="Dummy.dll" adapterTypeName="MSTestAdapter" className="DummyTests" name="TestCase_612" /></UnitTest>
    <UnitTest name="TestCase_613" id="00000000-0000-0000-0000-000000000613"><Execution id="00000000-0000-0000-0000-000000000613" /><TestMethod codeBase="Dummy.dll" adapterTypeName="MSTestAdapter" className="DummyTests" name="TestCase_613" /></UnitTest>
    <UnitTest name="TestCase_614" id="00000000-0000-0000-0000-000000000614"><Execution id="00000000-0000-0000-0000-000000000614" /><TestMethod codeBase="Dummy.dll" adapterTypeName="MSTestAdapter" className="DummyTests" name="TestCase_614" /></UnitTest>
    <UnitTest name="TestCase_615" id="00000000-0000-0000-0000-000000000615"><Execution id="00000000-0000-0000-0000-000000000615" /><TestMethod codeBase="Dummy.dll" adapterTypeName="MSTestAdapter" className="DummyTests" name="TestCase_615" /></UnitTest>
    <UnitTest name="TestCase_616" id="00000000-0000-0000-0000-000000000616"><Execution id="00000000-0000-0000-0000-000000000616" /><TestMethod codeBase="Dummy.dll" adapterTypeName="MSTestAdapter" className="DummyTests" name="TestCase_616" /></UnitTest>
    <UnitTest name="TestCase_617" id="00000000-0000-0000-0000-000000000617"><Execution id="00000000-0000-0000-0000-000000000617" /><TestMethod codeBase="Dummy.dll" adapterTypeName="MSTestAdapter" className="DummyTests" name="TestCase_617" /></UnitTest>
    <UnitTest name="TestCase_618" id="00000000-0000-0000-0000-000000000618"><Execution id="00000000-0000-0000-0000-000000000618" /><TestMethod codeBase="Dummy.dll" adapterTypeName="MSTestAdapter" className="DummyTests" name="TestCase_618" /></UnitTest>
    <UnitTest name="TestCase_619" id="00000000-0000-0000-0000-000000000619"><Execution id="00000000-0000-0000-0000-000000000619" /><TestMethod codeBase="Dummy.dll" adapterTypeName="MSTestAdapter" className="DummyTests" name="TestCase_619" /></UnitTest>
    <UnitTest name="TestCase_620" id="00000000-0000-0000-0000-000000000620"><Execution id="00000000-0000-0000-0000-000000000620" /><TestMethod codeBase="Dummy.dll" adapterTypeName="MSTestAdapter" className="DummyTests" name="TestCase_620" /></UnitTest>
    <UnitTest name="TestCase_621" id="00000000-0000-0000-0000-000000000621"><Execution id="00000000-0000-0000-0000-000000000621" /><TestMethod codeBase="Dummy.dll" adapterTypeName="MSTestAdapter" className="DummyTests" name="TestCase_621" /></UnitTest>
    <UnitTest name="TestCase_622" id="00000000-0000-0000-0000-000000000622"><Execution id="00000000-0000-0000-0000-000000000622" /><TestMethod codeBase="Dummy.dll" adapterTypeName="MSTestAdapter" className="DummyTests" name="TestCase_622" /></UnitTest>
    <UnitTest name="TestCase_623" id="00000000-0000-0000-0000-000000000623"><Execution id="00000000-0000-0000-0000-000000000623" /><TestMethod codeBase="Dummy.dll" adapterTypeName="MSTestAdapter" className="DummyTests" name="TestCase_623" /></UnitTest>
    <UnitTest name="TestCase_624" id="00000000-0000-0000-0000-000000000624"><Execution id="00000000-0000-0000-0000-000000000624" /><TestMethod codeBase="Dummy.dll" adapterTypeName="MSTestAdapter" className="DummyTests" name="TestCase_624" /></UnitTest>
    <UnitTest name="TestCase_625" id="00000000-0000-0000-0000-000000000625"><Execution id="00000000-0000-0000-0000-000000000625" /><TestMethod codeBase="Dummy.dll" adapterTypeName="MSTestAdapter" className="DummyTests" name="TestCase_625" /></UnitTest>
    <UnitTest name="TestCase_626" id="00000000-0000-0000-0000-000000000626"><Execution id="00000000-0000-0000-0000-000000000626" /><TestMethod codeBase="Dummy.dll" adapterTypeName="MSTestAdapter" className="DummyTests" name="TestCase_626" /></UnitTest>
    <UnitTest name="TestCase_627" id="00000000-0000-0000-0000-000000000627"><Execution id="00000000-0000-0000-0000-000000000627" /><TestMethod codeBase="Dummy.dll" adapterTypeName="MSTestAdapter" className="DummyTests" name="TestCase_627" /></UnitTest>
    <UnitTest name="TestCase_628" id="00000000-0000-0000-0000-000000000628"><Execution id="00000000-0000-0000-0000-000000000628" /><TestMethod codeBase="Dummy.dll" adapterTypeName="MSTestAdapter" className="DummyTests" name="TestCase_628" /></UnitTest>
    <UnitTest name="TestCase_629" id="00000000-0000-0000-0000-000000000629"><Execution id="00000000-0000-0000-0000-000000000629" /><TestMethod codeBase="Dummy.dll" adapterTypeName="MSTestAdapter" className="DummyTests" name="TestCase_629" /></UnitTest>
    <UnitTest name="TestCase_630" id="00000000-0000-0000-0000-000000000630"><Execution id="00000000-0000-0000-0000-000000000630" /><TestMethod codeBase="Dummy.dll" adapterTypeName="MSTestAdapter" className="DummyTests" name="TestCase_630" /></UnitTest>
    <UnitTest name="TestCase_631" id="00000000-0000-0000-0000-000000000631"><Execution id="00000000-0000-0000-0000-000000000631" /><TestMethod codeBase="Dummy.dll" adapterTypeName="MSTestAdapter" className="DummyTests" name="TestCase_631" /></UnitTest>
    <UnitTest name="TestCase_632" id="00000000-0000-0000-0000-000000000632"><Execution id="00000000-0000-0000-0000-000000000632" /><TestMethod codeBase="Dummy.dll" adapterTypeName="MSTestAdapter" className="DummyTests" name="TestCase_632" /></UnitTest>
    <UnitTest name="TestCase_633" id="00000000-0000-0000-0000-000000000633"><Execution id="00000000-0000-0000-0000-000000000633" /><TestMethod codeBase="Dummy.dll" adapterTypeName="MSTestAdapter" className="DummyTests" name="TestCase_633" /></UnitTest>
    <UnitTest name="TestCase_634" id="00000000-0000-0000-0000-000000000634"><Execution id="00000000-0000-0000-0000-000000000634" /><TestMethod codeBase="Dummy.dll" adapterTypeName="MSTestAdapter" className="DummyTests" name="TestCase_634" /></UnitTest>
    <UnitTest name="TestCase_635" id="00000000-0000-0000-0000-000000000635"><Execution id="00000000-0000-0000-0000-000000000635" /><TestMethod codeBase="Dummy.dll" adapterTypeName="MSTestAdapter" className="DummyTests" name="TestCase_635" /></UnitTest>
    <UnitTest name="TestCase_636" id="00000000-0000-0000-0000-000000000636"><Execution id="00000000-0000-0000-0000-000000000636" /><TestMethod codeBase="Dummy.dll" adapterTypeName="MSTestAdapter" className="DummyTests" name="TestCase_636" /></UnitTest>
    <UnitTest name="TestCase_637" id="00000000-0000-0000-0000-000000000637"><Execution id="00000000-0000-0000-0000-000000000637" /><TestMethod codeBase="Dummy.dll" adapterTypeName="MSTestAdapter" className="DummyTests" name="TestCase_637" /></UnitTest>
    <UnitTest name="TestCase_638" id="00000000-0000-0000-0000-000000000638"><Execution id="00000000-0000-0000-0000-000000000638" /><TestMethod codeBase="Dummy.dll" adapterTypeName="MSTestAdapter" className="DummyTests" name="TestCase_638" /></UnitTest>
    <UnitTest name="TestCase_639" id="00000000-0000-0000-0000-000000000639"><Execution id="00000000-0000-0000-0000-000000000639" /><TestMethod codeBase="Dummy.dll" adapterTypeName="MSTestAdapter" className="DummyTests" name="TestCase_639" /></UnitTest>
    <UnitTest name="TestCase_640" id="00000000-0000-0000-0000-000000000640"><Execution id="00000000-0000-0000-0000-000000000640" /><TestMethod codeBase="Dummy.dll" adapterTypeName="MSTestAdapter" className="DummyTests" name="TestCase_640" /></UnitTest>
    <UnitTest name="TestCase_641" id="00000000-0000-0000-0000-000000000641"><Execution id="00000000-0000-0000-0000-000000000641" /><TestMethod codeBase="Dummy.dll" adapterTypeName="MSTestAdapter" className="DummyTests" name="TestCase_641" /></UnitTest>
    <UnitTest name="TestCase_642" id="00000000-0000-0000-0000-000000000642"><Execution id="00000000-0000-0000-0000-000000000642" /><TestMethod codeBase="Dummy.dll" adapterTypeName="MSTestAdapter" className="DummyTests" name="TestCase_642" /></UnitTest>
    <UnitTest name="TestCase_643" id="00000000-0000-0000-0000-000000000643"><Execution id="00000000-0000-0000-0000-000000000643" /><TestMethod codeBase="Dummy.dll" adapterTypeName="MSTestAdapter" className="DummyTests" name="TestCase_643" /></UnitTest>
    <UnitTest name="TestCase_644" id="00000000-0000-0000-0000-000000000644"><Execution id="00000000-0000-0000-0000-000000000644" /><TestMethod codeBase="Dummy.dll" adapterTypeName="MSTestAdapter" className="DummyTests" name="TestCase_644" /></UnitTest>
    <UnitTest name="TestCase_645" id="00000000-0000-0000-0000-000000000645"><Execution id="00000000-0000-0000-0000-000000000645" /><TestMethod codeBase="Dummy.dll" adapterTypeName="MSTestAdapter" className="DummyTests" name="TestCase_645" /></UnitTest>
    <UnitTest name="TestCase_646" id="00000000-0000-0000-0000-000000000646"><Execution id="00000000-0000-0000-0000-000000000646" /><TestMethod codeBase="Dummy.dll" adapterTypeName="MSTestAdapter" className="DummyTests" name="TestCase_646" /></UnitTest>
    <UnitTest name="TestCase_647" id="00000000-0000-0000-0000-000000000647"><Execution id="00000000-0000-0000-0000-000000000647" /><TestMethod codeBase="Dummy.dll" adapterTypeName="MSTestAdapter" className="DummyTests" name="TestCase_647" /></UnitTest>
    <UnitTest name="TestCase_648" id="00000000-0000-0000-0000-000000000648"><Execution id="00000000-0000-0000-0000-000000000648" /><TestMethod codeBase="Dummy.dll" adapterTypeName="MSTestAdapter" className="DummyTests" name="TestCase_648" /></UnitTest>
    <UnitTest name="TestCase_649" id="00000000-0000-0000-0000-000000000649"><Execution id="00000000-0000-0000-0000-000000000649" /><TestMethod codeBase="Dummy.dll" adapterTypeName="MSTestAdapter" className="DummyTests" name="TestCase_649" /></UnitTest>
    <UnitTest name="TestCase_650" id="00000000-0000-0000-0000-000000000650"><Execution id="00000000-0000-0000-0000-000000000650" /><TestMethod codeBase="Dummy.dll" adapterTypeName="MSTestAdapter" className="DummyTests" name="TestCase_650" /></UnitTest>
    <UnitTest name="TestCase_651" id="00000000-0000-0000-0000-000000000651"><Execution id="00000000-0000-0000-0000-000000000651" /><TestMethod codeBase="Dummy.dll" adapterTypeName="MSTestAdapter" className="DummyTests" name="TestCase_651" /></UnitTest>
    <UnitTest name="TestCase_652" id="00000000-0000-0000-0000-000000000652"><Execution id="00000000-0000-0000-0000-000000000652" /><TestMethod codeBase="Dummy.dll" adapterTypeName="MSTestAdapter" className="DummyTests" name="TestCase_652" /></UnitTest>
    <UnitTest name="TestCase_653" id="00000000-0000-0000-0000-000000000653"><Execution id="00000000-0000-0000-0000-000000000653" /><TestMethod codeBase="Dummy.dll" adapterTypeName="MSTestAdapter" className="DummyTests" name="TestCase_653" /></UnitTest>
    <UnitTest name="TestCase_654" id="00000000-0000-0000-0000-000000000654"><Execution id="00000000-0000-0000-0000-000000000654" /><TestMethod codeBase="Dummy.dll" adapterTypeName="MSTestAdapter" className="DummyTests" name="TestCase_654" /></UnitTest>
    <UnitTest name="TestCase_655" id="00000000-0000-0000-0000-000000000655"><Execution id="00000000-0000-0000-0000-000000000655" /><TestMethod codeBase="Dummy.dll" adapterTypeName="MSTestAdapter" className="DummyTests" name="TestCase_655" /></UnitTest>
    <UnitTest name="TestCase_656" id="00000000-0000-0000-0000-000000000656"><Execution id="00000000-0000-0000-0000-000000000656" /><TestMethod codeBase="Dummy.dll" adapterTypeName="MSTestAdapter" className="DummyTests" name="TestCase_656" /></UnitTest>
    <UnitTest name="TestCase_657" id="00000000-0000-0000-0000-000000000657"><Execution id="00000000-0000-0000-0000-000000000657" /><TestMethod codeBase="Dummy.dll" adapterTypeName="MSTestAdapter" className="DummyTests" name="TestCase_657" /></UnitTest>
    <UnitTest name="TestCase_658" id="00000000-0000-0000-0000-000000000658"><Execution id="00000000-0000-0000-0000-000000000658" /><TestMethod codeBase="Dummy.dll" adapterTypeName="MSTestAdapter" className="DummyTests" name="TestCase_658" /></UnitTest>
    <UnitTest name="TestCase_659" id="00000000-0000-0000-0000-000000000659"><Execution id="00000000-0000-0000-0000-000000000659" /><TestMethod codeBase="Dummy.dll" adapterTypeName="MSTestAdapter" className="DummyTests" name="TestCase_659" /></UnitTest>
    <UnitTest name="TestCase_660" id="00000000-0000-0000-0000-000000000660"><Execution id="00000000-0000-0000-0000-000000000660" /><TestMethod codeBase="Dummy.dll" adapterTypeName="MSTestAdapter" className="DummyTests" name="TestCase_660" /></UnitTest>
    <UnitTest name="TestCase_661" id="00000000-0000-0000-0000-000000000661"><Execution id="00000000-0000-0000-0000-000000000661" /><TestMethod codeBase="Dummy.dll" adapterTypeName="MSTestAdapter" className="DummyTests" name="TestCase_661" /></UnitTest>
    <UnitTest name="TestCase_662" id="00000000-0000-0000-0000-000000000662"><Execution id="00000000-0000-0000-0000-000000000662" /><TestMethod codeBase="Dummy.dll" adapterTypeName="MSTestAdapter" className="DummyTests" name="TestCase_662" /></UnitTest>
    <UnitTest name="TestCase_663" id="00000000-0000-0000-0000-000000000663"><Execution id="00000000-0000-0000-0000-000000000663" /><TestMethod codeBase="Dummy.dll" adapterTypeName="MSTestAdapter" className="DummyTests" name="TestCase_663" /></UnitTest>
    <UnitTest name="TestCase_664" id="00000000-0000-0000-0000-000000000664"><Execution id="00000000-0000-0000-0000-000000000664" /><TestMethod codeBase="Dummy.dll" adapterTypeName="MSTestAdapter" className="DummyTests" name="TestCase_664" /></UnitTest>
    <UnitTest name="TestCase_665" id="00000000-0000-0000-0000-000000000665"><Execution id="00000000-0000-0000-0000-000000000665" /><TestMethod codeBase="Dummy.dll" adapterTypeName="MSTestAdapter" className="DummyTests" name="TestCase_665" /></UnitTest>
    <UnitTest name="TestCase_666" id="00000000-0000-0000-0000-000000000666"><Execution id="00000000-0000-0000-0000-000000000666" /><TestMethod codeBase="Dummy.dll" adapterTypeName="MSTestAdapter" className="DummyTests" name="TestCase_666" /></UnitTest>
    <UnitTest name="TestCase_667" id="00000000-0000-0000-0000-000000000667"><Execution id="00000000-0000-0000-0000-000000000667" /><TestMethod codeBase="Dummy.dll" adapterTypeName="MSTestAdapter" className="DummyTests" name="TestCase_667" /></UnitTest>
    <UnitTest name="TestCase_668" id="00000000-0000-0000-0000-000000000668"><Execution id="00000000-0000-0000-0000-000000000668" /><TestMethod codeBase="Dummy.dll" adapterTypeName="MSTestAdapter" className="DummyTests" name="TestCase_668" /></UnitTest>
    <UnitTest name="TestCase_669" id="00000000-0000-0000-0000-000000000669"><Execution id="00000000-0000-0000-0000-000000000669" /><TestMethod codeBase="Dummy.dll" adapterTypeName="MSTestAdapter" className="DummyTests" name="TestCase_669" /></UnitTest>
    <UnitTest name="TestCase_670" id="00000000-0000-0000-0000-000000000670"><Execution id="00000000-0000-0000-0000-000000000670" /><TestMethod codeBase="Dummy.dll" adapterTypeName="MSTestAdapter" className="DummyTests" name="TestCase_670" /></UnitTest>
    <UnitTest name="TestCase_671" id="00000000-0000-0000-0000-000000000671"><Execution id="00000000-0000-0000-0000-000000000671" /><TestMethod codeBase="Dummy.dll" adapterTypeName="MSTestAdapter" className="DummyTests" name="TestCase_671" /></UnitTest>
    <UnitTest name="TestCase_672" id="00000000-0000-0000-0000-000000000672"><Execution id="00000000-0000-0000-0000-000000000672" /><TestMethod codeBase="Dummy.dll" adapterTypeName="MSTestAdapter" className="DummyTests" name="TestCase_672" /></UnitTest>
    <UnitTest name="TestCase_673" id="00000000-0000-0000-0000-000000000673"><Execution id="00000000-0000-0000-0000-000000000673" /><TestMethod codeBase="Dummy.dll" adapterTypeName="MSTestAdapter" className="DummyTests" name="TestCase_673" /></UnitTest>
  </TestDefinitions>
  <TestLists>
    <TestList name="Results Not in a List" id="00000000-0000-0000-0000-000000000000" />
    <TestList name="All Loaded Results" id="11111111-1111-1111-1111-111111111111" />
  </TestLists>
</TestRun>